<?xml version="1.0" encoding="UTF-8"?>
<testsuites>
  <testsuite name="Queue" timestamp="2023-06-09T17:15:03Z" hostname="c23c7580f482" tests="21" skipped="0" failures="0" errors="0" time="0.162">
    <testcase time="0.0509999999999999" classname="Queue" name="Queue_can_be_initialized"/>
    <testcase time="0.028" classname="Queue" name="Queue_can_be_initialized"/>
    <testcase time="0.0129999999999999" classname="Queue" name="size_method_returns_number_of_elements_in_queue"/>
    <testcase time="0.004" classname="Queue" name="push_method_adds_elements_to_queue"/>
    <testcase time="0.00300000000000011" classname="Queue" name="push_method_adds_elements_to_queue"/>
    <testcase time="0.002" classname="Queue" name="push_method_adds_elements_to_queue"/>
    <testcase time="0.002" classname="Queue" name="push_method_can_add_multiple_elements"/>
    <testcase time="0.004" classname="Queue" name="get_method_returns_elements_of_queue"/>
    <testcase time="0.00299999999999989" classname="Queue" name="pop_method_removes_first_element_from_queue"/>
    <testcase time="0.00100000000000011" classname="Queue" name="pop_method_removes_first_element_from_queue"/>
    <testcase time="0.002" classname="Queue" name="remove_method_removes_specified_element_from_queue"/>
    <testcase time="0.002" classname="Queue" name="remove_method_removes_specified_element_from_queue"/>
    <testcase time="0.0130000000000001" classname="Queue" name="remove_method_removes_specified_element_from_queue"/>
    <testcase time="0.002" classname="Queue" name="remove_method_removes_specified_element_from_queue"/>
    <testcase time="0.002" classname="Queue" name="remove_method_removes_specified_element_from_queue"/>
    <testcase time="0.002" classname="Queue" name="remove_method_removes_specified_element_from_queue"/>
    <testcase time="0.00299999999999989" classname="Queue" name="remove_method_can_remove_several_elements"/>
    <testcase time="0.00300000000000011" classname="Queue" name="remove_method_can_remove_several_elements"/>
    <testcase time="0.00299999999999989" classname="Queue" name="empty_method_removes_all_elements_from_queue"/>
    <testcase time="0.00700000000000012" classname="Queue" name="empty_method_removes_all_elements_from_queue"/>
    <testcase time="0.012" classname="Queue" name="print_method_displays_proper_format"/>
  </testsuite>
  <testsuite name="all_choices" timestamp="2023-06-09T17:15:03Z" hostname="c23c7580f482" tests="1" skipped="0" failures="0" errors="0" time="0.019">
    <testcase time="0.0189999999999999" classname="all_choices" name="all_choices_constructor_does_not_throw"/>
  </testsuite>
  <testsuite name="check_selector" timestamp="2023-06-09T17:15:03Z" hostname="c23c7580f482" tests="3" skipped="0" failures="0" errors="0" time="0.043">
    <testcase time="0.0250000000000001" classname="check_selector" name="check_selector_dataname"/>
    <testcase time="0.0109999999999999" classname="check_selector" name="check_selector_dataname"/>
    <testcase time="0.00700000000000012" classname="check_selector" name="check_selector_dataname"/>
  </testsuite>
  <testsuite name="choices_selected" timestamp="2023-06-09T17:15:03Z" hostname="c23c7580f482" tests="19" skipped="0" failures="0" errors="0" time="0.955">
    <testcase time="0.0349999999999999" classname="choices_selected" name="delayed_version_of_choices_selected"/>
    <testcase time="0.547" classname="choices_selected" name="delayed_version_of_choices_selected"/>
    <testcase time="0.00300000000000011" classname="choices_selected" name="delayed_version_of_choices_selected"/>
    <testcase time="0.0509999999999997" classname="choices_selected" name="delayed_version_of_choices_selected"/>
    <testcase time="0.0100000000000002" classname="choices_selected" name="choices_selected_throws_error_when_selected_is_not_found_in_choices"/>
    <testcase time="0.00800000000000001" classname="choices_selected" name="choices_selected_throws_error_when_selected_is_not_found_in_choices"/>
    <testcase time="0.0089999999999999" classname="choices_selected" name="choices_selected_throws_error_when_selected_is_not_found_in_choices"/>
    <testcase time="0.004" classname="choices_selected" name="all_choices_is_the_same_as_selecting_all_choices"/>
    <testcase time="0.0129999999999999" classname="choices_selected" name="choices_selected_throws_when_selected_is_delayed_and_choices_are_not"/>
    <testcase time="0.131" classname="choices_selected" name="choices_selected_throws_when_no_select_keyword_is_passed_to_it_as_a_choice"/>
    <testcase time="0.004" classname="choices_selected" name="is_returns_choices_selected_if_passed_a_choices_selected_object"/>
    <testcase time="0.00299999999999967" classname="choices_selected" name="choices_selected_remove_duplicates"/>
    <testcase time="0.00200000000000022" classname="choices_selected" name="choices_selected_remove_duplicates"/>
    <testcase time="0.00300000000000011" classname="choices_selected" name="choices_selected_remove_duplicates"/>
    <testcase time="0.00299999999999967" classname="choices_selected" name="choices_selected_remove_duplicates"/>
    <testcase time="0.1" classname="choices_selected" name="delayed_version_of_choices_selected_resolve_delayed"/>
    <testcase time="0.0140000000000002" classname="choices_selected" name="delayed_version_of_choices_selected_resolve_delayed"/>
    <testcase time="0.004" classname="choices_selected" name="delayed_version_of_choices_selected_resolve_delayed"/>
    <testcase time="0.0109999999999997" classname="choices_selected" name="delayed_version_of_choices_selected_resolve_delayed"/>
  </testsuite>
  <testsuite name="data_extract_datanames" timestamp="2023-06-09T17:15:04Z" hostname="c23c7580f482" tests="19" skipped="0" failures="0" errors="0" time="0.124">
    <testcase time="0.012" classname="data_extract_datanames" name="get_extract_datanames_accepts_a_single_data_extract_spec_object"/>
    <testcase time="0.00500000000000034" classname="data_extract_datanames" name="get_extract_datanames_accepts_a_list_of_data_extract_spec_objects"/>
    <testcase time="0.004" classname="data_extract_datanames" name="get_extract_datanames_accepts_a_list_of_lists_of_data_extract_spec_objects"/>
    <testcase time="0.004" classname="data_extract_datanames" name="get_extract_datanames_accepts_a_list_of_data_extract_spec_objects_and_NULL"/>
    <testcase time="0.00499999999999989" classname="data_extract_datanames" name="get_extract_datanames_accepts_a_list_of_data_extract_spec_objects_and_logical"/>
    <testcase time="0.004" classname="data_extract_datanames" name="get_extract_datanames_accepts_a_list_of_lists_of_data_extract_spec_objects_and_NULL"/>
    <testcase time="0.00499999999999989" classname="data_extract_datanames" name="get_extract_datanames_accepts_a_list_of_lists_of_data_extract_spec_objects_and_logical"/>
    <testcase time="0.004" classname="data_extract_datanames" name="get_extract_datanames_returns_the_dataname_of_the_single_data_extract_spec_object"/>
    <testcase time="0.00200000000000022" classname="data_extract_datanames" name="get_extract_datanames_returns_the_dataname_of_the_single_data_extract_spec_object"/>
    <testcase time="0.00699999999999967" classname="data_extract_datanames" name="get_extract_datanames_returns_the_unique_datanames_from_the_list_of_data_extract_spec_objects"/>
    <testcase time="0.00499999999999989" classname="data_extract_datanames" name="get_extract_datanames_returns_the_unique_datanames_from_the_list_of_lists_of_data_extract_spec_objects"/>
    <testcase time="0.012" classname="data_extract_datanames" name="get_extract_datanames_throws_error_when_no_data_extract_spec_nor_list_of_lists_of_data_extract_spec_is_passed"/>
    <testcase time="0.00900000000000034" classname="data_extract_datanames" name="get_extract_datanames_throws_error_when_no_data_extract_spec_nor_list_of_lists_of_data_extract_spec_is_passed"/>
    <testcase time="0.0089999999999999" classname="data_extract_datanames" name="get_extract_datanames_throws_error_when_no_data_extract_spec_nor_list_of_lists_of_data_extract_spec_is_passed"/>
    <testcase time="0.00999999999999979" classname="data_extract_datanames" name="get_extract_datanames_throws_error_when_no_data_extract_spec_nor_list_of_lists_of_data_extract_spec_is_passed"/>
    <testcase time="0.00900000000000034" classname="data_extract_datanames" name="get_extract_datanames_throws_error_when_no_data_extract_spec_nor_list_of_lists_of_data_extract_spec_is_passed"/>
    <testcase time="0.012" classname="data_extract_datanames" name="get_extract_datanames_throws_error_with_empty_list"/>
    <testcase time="0.004" classname="data_extract_datanames" name="get_extract_datanames_returns_unique_dataname_when_data_extract_specs_have_the_same_dataname"/>
    <testcase time="0.00199999999999978" classname="data_extract_datanames" name="get_extract_datanames_returns_unique_dataname_when_data_extract_specs_have_the_same_dataname"/>
  </testsuite>
  <testsuite name="data_extract_module" timestamp="2023-06-09T17:15:10Z" hostname="c23c7580f482" tests="14" skipped="0" failures="0" errors="0" time="6.046">
    <testcase time="5.925" classname="data_extract_module" name="Single_filter"/>
    <testcase time="0.00300000000000011" classname="data_extract_module" name="Single_filter"/>
    <testcase time="0.00200000000000067" classname="data_extract_module" name="Single_filter"/>
    <testcase time="0.000999999999999446" classname="data_extract_module" name="Single_filter"/>
    <testcase time="0.0229999999999997" classname="data_extract_module" name="Multiple_filters"/>
    <testcase time="0.00300000000000011" classname="data_extract_module" name="Multiple_filters"/>
    <testcase time="0.00200000000000067" classname="data_extract_module" name="Multiple_filters"/>
    <testcase time="0.00199999999999889" classname="data_extract_module" name="Multiple_filters"/>
    <testcase time="0.00200000000000067" classname="data_extract_module" name="Multiple_filters"/>
    <testcase time="0.0120000000000005" classname="data_extract_module" name="Multiple_datasets"/>
    <testcase time="0.0350000000000001" classname="data_extract_module" name="Multiple_datasets"/>
    <testcase time="0.0119999999999987" classname="data_extract_module" name="get_initial_filters_values_returns_empty_strings_if_vars_selected_is_NULL"/>
    <testcase time="0.0120000000000005" classname="data_extract_module" name="get_initial_filters_values_returns_all_column_values_and_the_selected_option_if_choices_is_NULL"/>
    <testcase time="0.0120000000000005" classname="data_extract_module" name="get_initial_filters_values_returns_the_selected_and_choices_if_they_are_not_null"/>
  </testsuite>
  <testsuite name="data_extract_multiple_srv" timestamp="2023-06-09T17:15:10Z" hostname="c23c7580f482" tests="15" skipped="0" failures="0" errors="0" time="0.309">
    <testcase time="0.052999999999999" classname="data_extract_multiple_srv" name="data_extract_multiple_srv_accepts_a_named_list_of_data_extract_spec_"/>
    <testcase time="0.0470000000000006" classname="data_extract_multiple_srv" name="data_extract_multiple_srv_returns_a_named_reactive_list_with_reactives"/>
    <testcase time="0.00600000000000023" classname="data_extract_multiple_srv" name="data_extract_multiple_srv_returns_a_named_reactive_list_with_reactives"/>
    <testcase time="0.0259999999999998" classname="data_extract_multiple_srv" name="data_extract_multiple_srv_returns_a_named_reactive_list_with_reactives"/>
    <testcase time="0.0109999999999992" classname="data_extract_multiple_srv" name="data_extract_multiple_srv_accepts_an_empty_list"/>
    <testcase time="0.011000000000001" classname="data_extract_multiple_srv" name="data_extract_multiple_srv_returns_an_empty_list_if_passed_an_empty_list"/>
    <testcase time="0.0120000000000005" classname="data_extract_multiple_srv" name="data_extract_multiple_srv_prunes_NULL_from_the_passed_list"/>
    <testcase time="0.0129999999999999" classname="data_extract_multiple_srv" name="data_extract_multiple_srv_accepts_datasets_as_FilteredData_or_list_of_reactive_data.frame"/>
    <testcase time="0.00799999999999912" classname="data_extract_multiple_srv" name="data_extract_multiple_srv_accepts_datasets_as_FilteredData_or_list_of_reactive_data.frame"/>
    <testcase time="0.011000000000001" classname="data_extract_multiple_srv" name="data_extract_multiple_srv_accepts_datasets_as_FilteredData_or_list_of_reactive_data.frame"/>
    <testcase time="0.036999999999999" classname="data_extract_multiple_srv" name="data_extract_multiple_srv_accepts_datasets_as_FilteredData_or_list_of_reactive_data.frame"/>
    <testcase time="0.016" classname="data_extract_multiple_srv" name="data_extract_multiple_srv_throws_error_if_datasets_is_not_FilteredData_or_list_of_reactive_data.frame"/>
    <testcase time="0.0169999999999995" classname="data_extract_multiple_srv" name="data_extract_multiple_srv_throws_if_data_extract_is_not_a_named_list"/>
    <testcase time="0.0129999999999999" classname="data_extract_multiple_srv" name="data_extract_multiple_srv_works_with_join_keys_NULL_default_"/>
    <testcase time="0.0280000000000005" classname="data_extract_multiple_srv" name="data_extract_multiple_srv_accepts_throws_error_when_join_keys_argument_is_not_JoinKeys_object"/>
  </testsuite>
  <testsuite name="data_extract_spec" timestamp="2023-06-09T17:15:11Z" hostname="c23c7580f482" tests="68" skipped="0" failures="0" errors="0" time="3.241">
    <testcase time="0.0169999999999995" classname="data_extract_spec" name="data_extract_spec_argument_checking"/>
    <testcase time="0.00300000000000011" classname="data_extract_spec" name="data_extract_spec_works_with_valid_input"/>
    <testcase time="0.00200000000000067" classname="data_extract_spec" name="data_extract_spec_works_with_valid_input"/>
    <testcase time="0.00200000000000067" classname="data_extract_spec" name="data_extract_spec_works_with_valid_input"/>
    <testcase time="0.00300000000000011" classname="data_extract_spec" name="data_extract_spec_works_with_valid_input"/>
    <testcase time="0.00199999999999889" classname="data_extract_spec" name="data_extract_spec_works_with_valid_input"/>
    <testcase time="0.00200000000000067" classname="data_extract_spec" name="data_extract_spec_works_with_valid_input"/>
    <testcase time="0.00399999999999956" classname="data_extract_spec" name="data_extract_spec_works_with_valid_input"/>
    <testcase time="0.00200000000000067" classname="data_extract_spec" name="data_extract_spec_works_with_valid_input"/>
    <testcase time="0.00199999999999889" classname="data_extract_spec" name="data_extract_spec_works_with_valid_input"/>
    <testcase time="0.00300000000000011" classname="data_extract_spec" name="data_extract_spec_works_with_valid_input"/>
    <testcase time="0.00200000000000067" classname="data_extract_spec" name="data_extract_spec_works_with_valid_input"/>
    <testcase time="0.000999999999999446" classname="data_extract_spec" name="data_extract_spec_works_with_valid_input"/>
    <testcase time="0.00399999999999956" classname="data_extract_spec" name="data_extract_spec_works_with_valid_input"/>
    <testcase time="0.00200000000000067" classname="data_extract_spec" name="data_extract_spec_works_with_valid_input"/>
    <testcase time="0.000999999999999446" classname="data_extract_spec" name="data_extract_spec_works_with_valid_input"/>
    <testcase time="0.00200000000000067" classname="data_extract_spec" name="data_extract_spec_works_with_valid_input"/>
    <testcase time="0.0299999999999994" classname="data_extract_spec" name="delayed_data_extract_spec_works"/>
    <testcase time="0.00200000000000067" classname="data_extract_spec" name="delayed_data_extract_spec_works"/>
    <testcase time="0.00600000000000023" classname="data_extract_spec" name="delayed_data_extract_spec_works"/>
    <testcase time="0.00200000000000067" classname="data_extract_spec" name="delayed_data_extract_spec_works"/>
    <testcase time="0.00199999999999889" classname="data_extract_spec" name="delayed_data_extract_spec_works"/>
    <testcase time="0.00200000000000067" classname="data_extract_spec" name="delayed_data_extract_spec_works"/>
    <testcase time="0.00199999999999889" classname="data_extract_spec" name="delayed_data_extract_spec_works"/>
    <testcase time="0.00200000000000067" classname="data_extract_spec" name="delayed_data_extract_spec_works"/>
    <testcase time="0.0180000000000007" classname="data_extract_spec" name="delayed_data_extract_spec_works"/>
    <testcase time="0.00399999999999956" classname="data_extract_spec" name="delayed_data_extract_spec_works"/>
    <testcase time="0.0129999999999999" classname="data_extract_spec" name="delayed_data_extract_spec_works"/>
    <testcase time="0.0139999999999993" classname="data_extract_spec" name="delayed_data_extract_spec_works"/>
    <testcase time="0.00200000000000067" classname="data_extract_spec" name="delayed_data_extract_spec_works"/>
    <testcase time="0.00200000000000067" classname="data_extract_spec" name="delayed_data_extract_spec_works"/>
    <testcase time="2.602" classname="data_extract_spec" name="delayed_version_of_data_extract_spec"/>
    <testcase time="0.00200000000000067" classname="data_extract_spec" name="delayed_version_of_data_extract_spec"/>
    <testcase time="0.00300000000000011" classname="data_extract_spec" name="delayed_version_of_data_extract_spec"/>
    <testcase time="0.0739999999999998" classname="data_extract_spec" name="delayed_version_of_data_extract_spec"/>
    <testcase time="0.00300000000000011" classname="data_extract_spec" name="delayed_version_of_data_extract_spec"/>
    <testcase time="0.0129999999999999" classname="data_extract_spec" name="delayed_version_of_data_extract_spec"/>
    <testcase time="0.0080000000000009" classname="data_extract_spec" name="data_extract_spec_allows_both_select_and_filter_parameters_to_be_NULL"/>
    <testcase time="0.00699999999999967" classname="data_extract_spec" name="data_extract_spec_returns_filter_spec_with_multiple_set_to_TRUE"/>
    <testcase time="0.00199999999999889" classname="data_extract_spec" name="data_extract_spec_returns_filter_spec_with_multiple_set_to_TRUE"/>
    <testcase time="0.00500000000000078" classname="data_extract_spec" name="data_extract_spec_returns_filter_spec_with_multiple_set_to_TRUE"/>
    <testcase time="0.00600000000000023" classname="data_extract_spec" name="data_extract_spec_returns_select_spec_with_multiple_set_to_TRUE"/>
    <testcase time="0.00199999999999889" classname="data_extract_spec" name="data_extract_spec_returns_select_spec_with_multiple_set_to_TRUE"/>
    <testcase time="0.00600000000000023" classname="data_extract_spec" name="data_extract_spec_returns_select_spec_with_multiple_set_to_TRUE"/>
    <testcase time="0.00600000000000023" classname="data_extract_spec" name="data_extract_spec_returns_select_spec_with_multiple_set_to_TRUE"/>
    <testcase time="0.00500000000000078" classname="data_extract_spec" name="data_extract_spec_returns_select_spec_with_multiple_set_to_TRUE"/>
    <testcase time="0.00600000000000023" classname="data_extract_spec" name="data_extract_spec_returns_select_spec_with_multiple_set_to_TRUE"/>
    <testcase time="0.00199999999999889" classname="data_extract_spec" name="data_extract_spec_returns_select_spec_with_multiple_set_to_TRUE"/>
    <testcase time="0.0169999999999995" classname="data_extract_spec" name="delayed_data_extract_spec_works_resolve_delayed"/>
    <testcase time="0.00300000000000011" classname="data_extract_spec" name="delayed_data_extract_spec_works_resolve_delayed"/>
    <testcase time="0.00200000000000067" classname="data_extract_spec" name="delayed_data_extract_spec_works_resolve_delayed"/>
    <testcase time="0.00300000000000011" classname="data_extract_spec" name="delayed_data_extract_spec_works_resolve_delayed"/>
    <testcase time="0.00200000000000067" classname="data_extract_spec" name="delayed_data_extract_spec_works_resolve_delayed"/>
    <testcase time="0.00300000000000011" classname="data_extract_spec" name="delayed_data_extract_spec_works_resolve_delayed"/>
    <testcase time="0.00199999999999889" classname="data_extract_spec" name="delayed_data_extract_spec_works_resolve_delayed"/>
    <testcase time="0.00300000000000011" classname="data_extract_spec" name="delayed_data_extract_spec_works_resolve_delayed"/>
    <testcase time="0.027000000000001" classname="data_extract_spec" name="delayed_data_extract_spec_works_resolve_delayed"/>
    <testcase time="0.00799999999999912" classname="data_extract_spec" name="delayed_data_extract_spec_works_resolve_delayed"/>
    <testcase time="0.0169999999999995" classname="data_extract_spec" name="delayed_data_extract_spec_works_resolve_delayed"/>
    <testcase time="0.0210000000000008" classname="data_extract_spec" name="delayed_data_extract_spec_works_resolve_delayed"/>
    <testcase time="0.00600000000000023" classname="data_extract_spec" name="delayed_data_extract_spec_works_resolve_delayed"/>
    <testcase time="0.00300000000000011" classname="data_extract_spec" name="delayed_data_extract_spec_works_resolve_delayed"/>
    <testcase time="0.119" classname="data_extract_spec" name="delayed_version_of_data_extract_spec_resolve_delayed"/>
    <testcase time="0.00300000000000011" classname="data_extract_spec" name="delayed_version_of_data_extract_spec_resolve_delayed"/>
    <testcase time="0.00300000000000011" classname="data_extract_spec" name="delayed_version_of_data_extract_spec_resolve_delayed"/>
    <testcase time="0.0860000000000003" classname="data_extract_spec" name="delayed_version_of_data_extract_spec_resolve_delayed"/>
    <testcase time="0.00299999999999834" classname="data_extract_spec" name="delayed_version_of_data_extract_spec_resolve_delayed"/>
    <testcase time="0.00300000000000011" classname="data_extract_spec" name="delayed_version_of_data_extract_spec_resolve_delayed"/>
  </testsuite>
  <testsuite name="data_extract_srv" timestamp="2023-06-09T17:15:14Z" hostname="c23c7580f482" tests="48" skipped="0" failures="0" errors="0" time="2.097">
    <testcase time="0.0449999999999999" classname="data_extract_srv" name="data_extract_srv_accepts_a_FilteredData_object_or_a_list_of_reactive_data_frames_to_datasets"/>
    <testcase time="0.0230000000000015" classname="data_extract_srv" name="data_extract_srv_accepts_a_FilteredData_object_or_a_list_of_reactive_data_frames_to_datasets"/>
    <testcase time="0.0219999999999985" classname="data_extract_srv" name="data_extract_srv_accepts_a_FilteredData_object_or_a_list_of_reactive_data_frames_to_datasets"/>
    <testcase time="0.0250000000000004" classname="data_extract_srv" name="data_extract_srv_accepts_a_FilteredData_object_or_a_list_of_reactive_data_frames_to_datasets"/>
    <testcase time="0.0310000000000006" classname="data_extract_srv" name="data_extract_srv_works_with_join_keys_NULL_default_"/>
    <testcase time="0.0169999999999995" classname="data_extract_srv" name="data_extract_srv_accepts_throws_error_when_join_keys_argument_is_not_a_JoinKeys_object"/>
    <testcase time="0.048" classname="data_extract_srv" name="data_extract_srv_returns_a_list_of_elements"/>
    <testcase time="0.00300000000000011" classname="data_extract_srv" name="data_extract_srv_returns_a_list_of_elements"/>
    <testcase time="0.0329999999999995" classname="data_extract_srv" name="data_extract_srv_throws_error_with_missing_arguments"/>
    <testcase time="0.0220000000000002" classname="data_extract_srv" name="data_extract_srv_throws_error_with_missing_arguments"/>
    <testcase time="0.0340000000000007" classname="data_extract_srv" name="data_extract_srv_throws_error_with_wrong_argument_input_type"/>
    <testcase time="0.0259999999999998" classname="data_extract_srv" name="data_extract_srv_throws_error_with_wrong_argument_input_type"/>
    <testcase time="0.0359999999999996" classname="data_extract_srv" name="data_extract_srv_throws_error_with_wrong_argument_input_type"/>
    <testcase time="0.0360000000000014" classname="data_extract_srv" name="data_extract_srv_throws_error_with_wrong_argument_input_type"/>
    <testcase time="0.0359999999999996" classname="data_extract_srv" name="data_extract_srv_throws_error_with_wrong_argument_input_type"/>
    <testcase time="0.0329999999999995" classname="data_extract_srv" name="data_extract_srv_throws_error_with_wrong_argument_input_type"/>
    <testcase time="0.0350000000000001" classname="data_extract_srv" name="data_extract_srv_throws_error_with_wrong_argument_input_type"/>
    <testcase time="0.0440000000000005" classname="data_extract_srv" name="data_extract_srv_throws_error_with_wrong_argument_input_type"/>
    <testcase time="0.032" classname="data_extract_srv" name="data_extract_srv_uses_the_current_session_id_when_id_is_missing"/>
    <testcase time="0.00199999999999889" classname="data_extract_srv" name="data_extract_srv_uses_the_current_session_id_when_id_is_missing"/>
    <testcase time="0.0730000000000004" classname="data_extract_srv" name="data_extract_srv_returns_select_ordered_according_to_selection"/>
    <testcase time="0.0830000000000002" classname="data_extract_srv" name="data_extract_srv_returns_select_ordered_according_to_selection"/>
    <testcase time="0.00999999999999979" classname="data_extract_srv" name="data_extract_srv_returns_select_ordered_according_to_selection"/>
    <testcase time="0.0380000000000003" classname="data_extract_srv" name="data_extract_srv_returns_select_ordered_according_to_choices"/>
    <testcase time="0.0239999999999991" classname="data_extract_srv" name="data_extract_srv_returns_select_ordered_according_to_choices"/>
    <testcase time="0.0100000000000016" classname="data_extract_srv" name="data_extract_srv_returns_select_ordered_according_to_choices"/>
    <testcase time="0.0689999999999991" classname="data_extract_srv" name="data_extract_srv_with_a_list_of_multiple_data_extract_spec"/>
    <testcase time="0.00999999999999979" classname="data_extract_srv" name="data_extract_srv_with_a_list_of_multiple_data_extract_spec"/>
    <testcase time="0.00500000000000078" classname="data_extract_srv" name="data_extract_srv_with_a_list_of_multiple_data_extract_spec"/>
    <testcase time="0.00999999999999979" classname="data_extract_srv" name="data_extract_srv_with_a_list_of_multiple_data_extract_spec"/>
    <testcase time="0.156000000000001" classname="data_extract_srv" name="select_validation"/>
    <testcase time="0.0350000000000001" classname="data_extract_srv" name="select_validation"/>
    <testcase time="0.052999999999999" classname="data_extract_srv" name="select_validation"/>
    <testcase time="0.101000000000001" classname="data_extract_srv" name="validation_only_runs_on_currently_selected_dataset_s_data_extract_spec"/>
    <testcase time="0.106999999999999" classname="data_extract_srv" name="validation_only_runs_on_currently_selected_dataset_s_data_extract_spec"/>
    <testcase time="0.0839999999999996" classname="data_extract_srv" name="filter_validation"/>
    <testcase time="0.00600000000000023" classname="data_extract_srv" name="filter_validation"/>
    <testcase time="0.0360000000000014" classname="data_extract_srv" name="filter_validation"/>
    <testcase time="0.0719999999999992" classname="data_extract_srv" name="select_validation_accepts_function_as_validator"/>
    <testcase time="0.0150000000000006" classname="data_extract_srv" name="select_validation_accepts_function_as_validator"/>
    <testcase time="0.0329999999999995" classname="data_extract_srv" name="select_validation_accepts_function_as_validator"/>
    <testcase time="0.0830000000000002" classname="data_extract_srv" name="data_extract_multiple_srv_input_validation"/>
    <testcase time="0.131" classname="data_extract_srv" name="data_extract_multiple_srv_input_validation"/>
    <testcase time="0.00999999999999979" classname="data_extract_srv" name="data_extract_multiple_srv_input_validation"/>
    <testcase time="0.0519999999999996" classname="data_extract_srv" name="data_extract_multiple_srv_input_validation"/>
    <testcase time="0.00700000000000145" classname="data_extract_srv" name="data_extract_multiple_srv_input_validation"/>
    <testcase time="0.129" classname="data_extract_srv" name="data_extract_multiple_srv_input_validation"/>
    <testcase time="0.0719999999999992" classname="data_extract_srv" name="data_extract_multiple_srv_input_validation"/>
  </testsuite>
  <testsuite name="data_merge_srv" timestamp="2023-06-09T17:15:16Z" hostname="c23c7580f482" tests="22" skipped="0" failures="0" errors="0" time="1.075">
    <testcase time="0.0560000000000009" classname="data_merge_srv" name="data_merge_srv_returns_a_reactive_containing_a_list"/>
    <testcase time="0.421999999999999" classname="data_merge_srv" name="data_merge_srv_returns_a_reactive_containing_a_list"/>
    <testcase time="0.00200000000000067" classname="data_merge_srv" name="data_merge_srv_returns_a_reactive_containing_a_list"/>
    <testcase time="0.0600000000000005" classname="data_merge_srv" name="data_merge_srv_data_returns_data.frame_when_passing_1_extract_in_selector_list"/>
    <testcase time="0.00199999999999889" classname="data_merge_srv" name="data_merge_srv_data_returns_data.frame_when_passing_1_extract_in_selector_list"/>
    <testcase time="0.00300000000000011" classname="data_merge_srv" name="data_merge_srv_data_returns_data.frame_when_passing_1_extract_in_selector_list"/>
    <testcase time="0.0240000000000009" classname="data_merge_srv" name="data_merge_srv_throws_error_with_missing_selector_list_and_datasets_arguments"/>
    <testcase time="0.032" classname="data_merge_srv" name="data_merge_srv_throws_error_with_missing_selector_list_and_datasets_arguments"/>
    <testcase time="0.0190000000000001" classname="data_merge_srv" name="data_merge_srv_default_merge_function_is_dplyr_full_join"/>
    <testcase time="0.0129999999999999" classname="data_merge_srv" name="data_merge_srv_default_anl_name_is_ANL"/>
    <testcase time="0.027000000000001" classname="data_merge_srv" name="data_merge_srv_throws_error_when_anl_name_is_not_character_or_using_non_allowed_names"/>
    <testcase time="0.0249999999999986" classname="data_merge_srv" name="data_merge_srv_throws_error_when_anl_name_is_not_character_or_using_non_allowed_names"/>
    <testcase time="0.0250000000000004" classname="data_merge_srv" name="data_merge_srv_throws_error_when_anl_name_is_not_character_or_using_non_allowed_names"/>
    <testcase time="0.0380000000000003" classname="data_merge_srv" name="data_merge_srv_throws_error_when_anl_name_is_not_character_or_using_non_allowed_names"/>
    <testcase time="0.0240000000000009" classname="data_merge_srv" name="data_merge_srv_throws_error_when_selector_list_is_not_a_list_or_a_reactive"/>
    <testcase time="0.0259999999999998" classname="data_merge_srv" name="data_merge_srv_throws_error_when_selector_list_is_not_a_list_or_a_reactive"/>
    <testcase time="0.0279999999999987" classname="data_merge_srv" name="data_merge_srv_throws_error_selector_list_is_not_named_list"/>
    <testcase time="0.0739999999999998" classname="data_merge_srv" name="data_merge_srv_accepts_reactive_and_character_merge_function"/>
    <testcase time="0.0580000000000016" classname="data_merge_srv" name="data_merge_srv_accepts_reactive_and_character_merge_function"/>
    <testcase time="0.106" classname="data_merge_srv" name="data_merge_srv_returns_merged_data.frame_when_passing_2_extracts_in_selector_list"/>
    <testcase time="0.00799999999999912" classname="data_merge_srv" name="data_merge_srv_returns_merged_data.frame_when_passing_2_extracts_in_selector_list"/>
    <testcase time="0.00300000000000011" classname="data_merge_srv" name="data_merge_srv_returns_merged_data.frame_when_passing_2_extracts_in_selector_list"/>
  </testsuite>
  <testsuite name="delayed_data_extract" timestamp="2023-06-09T17:15:20Z" hostname="c23c7580f482" tests="22" skipped="0" failures="0" errors="0" time="10.501">
    <testcase time="2.808" classname="delayed_data_extract" name="Delayed_data_extract_single_data_connector_with_two_scda_dataset_connectors"/>
    <testcase time="0.00199999999999889" classname="delayed_data_extract" name="Delayed_data_extract_single_data_connector_with_two_scda_dataset_connectors"/>
    <testcase time="0.108999999999998" classname="delayed_data_extract" name="Delayed_choices_selected_single_data_connector_with_two_scda_dataset_connectors"/>
    <testcase time="0.169" classname="delayed_data_extract" name="Delayed_data_extract_filtered"/>
    <testcase time="0.00199999999999889" classname="delayed_data_extract" name="Delayed_data_extract_filtered"/>
    <testcase time="0.252000000000002" classname="delayed_data_extract" name="Delayed_extract_filter_concatenated_single_data_connector_with_two_scda_dataset_connectors"/>
    <testcase time="0.000999999999997669" classname="delayed_data_extract" name="Delayed_extract_filter_concatenated_single_data_connector_with_two_scda_dataset_connectors"/>
    <testcase time="0.321000000000002" classname="delayed_data_extract" name="Delayed_extract_two_filters_single_data_connector_with_two_scda_dataset_connectors"/>
    <testcase time="0.000999999999997669" classname="delayed_data_extract" name="Delayed_extract_two_filters_single_data_connector_with_two_scda_dataset_connectors"/>
    <testcase time="3.024" classname="delayed_data_extract" name="Delayed_extract_TealData_with_single_dataset_and_multiple_connectors"/>
    <testcase time="0.00200000000000244" classname="delayed_data_extract" name="Delayed_extract_TealData_with_single_dataset_and_multiple_connectors"/>
    <testcase time="0.125999999999998" classname="delayed_data_extract" name="Delayed_data_extract_single_data_connector_with_two_scda_dataset_connectors_resolve_delayed"/>
    <testcase time="0.00199999999999889" classname="delayed_data_extract" name="Delayed_data_extract_single_data_connector_with_two_scda_dataset_connectors_resolve_delayed"/>
    <testcase time="0.100000000000001" classname="delayed_data_extract" name="Delayed_choices_selected_single_data_connector_with_two_scda_dataset_connectors_resolve_delayed"/>
    <testcase time="0.376999999999999" classname="delayed_data_extract" name="Delayed_data_extract_filtered"/>
    <testcase time="0.00200000000000244" classname="delayed_data_extract" name="Delayed_data_extract_filtered"/>
    <testcase time="0.239999999999998" classname="delayed_data_extract" name="Delayed_extract_filter_concatenated_single_data_connector_with_two_scda_dataset_connectors_res_delayed"/>
    <testcase time="0.00199999999999889" classname="delayed_data_extract" name="Delayed_extract_filter_concatenated_single_data_connector_with_two_scda_dataset_connectors_res_delayed"/>
    <testcase time="0.309000000000001" classname="delayed_data_extract" name="Delayed_extract_two_filters_single_data_connector_with_two_scda_dataset_connectors_resolve_delayed"/>
    <testcase time="0.00199999999999889" classname="delayed_data_extract" name="Delayed_extract_two_filters_single_data_connector_with_two_scda_dataset_connectors_resolve_delayed"/>
    <testcase time="2.648" classname="delayed_data_extract" name="Delayed_extract_TealData_with_single_dataset_and_multiple_connectors_resolve_delayed"/>
    <testcase time="0.00199999999999889" classname="delayed_data_extract" name="Delayed_extract_TealData_with_single_dataset_and_multiple_connectors_resolve_delayed"/>
  </testsuite>
  <testsuite name="dplyr_call_examples" timestamp="2023-06-09T17:15:28Z" hostname="c23c7580f482" tests="129" skipped="0" failures="0" errors="0" time="1.588">
    <testcase time="0.0330000000000013" classname="dplyr_call_examples" name="Different_join_types"/>
    <testcase time="0.00499999999999901" classname="dplyr_call_examples" name="Different_join_types"/>
    <testcase time="0.0069999999999979" classname="dplyr_call_examples" name="Different_join_types"/>
    <testcase time="0.00900000000000034" classname="dplyr_call_examples" name="Different_join_types"/>
    <testcase time="0.00800000000000267" classname="dplyr_call_examples" name="Different_join_types"/>
    <testcase time="0.0069999999999979" classname="dplyr_call_examples" name="Single_wide_dataset"/>
    <testcase time="0.00199999999999889" classname="dplyr_call_examples" name="Single_wide_dataset"/>
    <testcase time="0.00400000000000134" classname="dplyr_call_examples" name="Single_wide_dataset"/>
    <testcase time="0.00300000000000011" classname="dplyr_call_examples" name="Single_wide_dataset"/>
    <testcase time="0.00600000000000023" classname="dplyr_call_examples" name="Single_wide_dataset"/>
    <testcase time="0.00300000000000011" classname="dplyr_call_examples" name="Single_wide_dataset"/>
    <testcase time="0.00600000000000023" classname="dplyr_call_examples" name="Single_wide_dataset"/>
    <testcase time="0.00300000000000011" classname="dplyr_call_examples" name="Single_wide_dataset"/>
    <testcase time="0.00499999999999901" classname="dplyr_call_examples" name="Single_wide_dataset"/>
    <testcase time="0.00300000000000011" classname="dplyr_call_examples" name="Single_wide_dataset"/>
    <testcase time="0.00499999999999901" classname="dplyr_call_examples" name="Single_wide_dataset"/>
    <testcase time="0.00300000000000011" classname="dplyr_call_examples" name="Single_wide_dataset"/>
    <testcase time="0.00600000000000023" classname="dplyr_call_examples" name="Single_wide_dataset"/>
    <testcase time="0.00200000000000244" classname="dplyr_call_examples" name="Single_wide_dataset"/>
    <testcase time="0.00600000000000023" classname="dplyr_call_examples" name="Single_wide_dataset"/>
    <testcase time="0.00199999999999889" classname="dplyr_call_examples" name="Single_wide_dataset"/>
    <testcase time="0.00600000000000023" classname="dplyr_call_examples" name="Single_wide_dataset"/>
    <testcase time="0.00199999999999889" classname="dplyr_call_examples" name="Single_wide_dataset"/>
    <testcase time="0.0130000000000017" classname="dplyr_call_examples" name="Multiple_wide_dataset"/>
    <testcase time="0.00600000000000023" classname="dplyr_call_examples" name="Multiple_wide_dataset"/>
    <testcase time="0.0109999999999992" classname="dplyr_call_examples" name="Multiple_wide_dataset"/>
    <testcase time="0.00600000000000023" classname="dplyr_call_examples" name="Multiple_wide_dataset"/>
    <testcase time="0.0239999999999974" classname="dplyr_call_examples" name="Multiple_wide_dataset"/>
    <testcase time="0.0260000000000034" classname="dplyr_call_examples" name="Multiple_wide_dataset"/>
    <testcase time="0.0239999999999974" classname="dplyr_call_examples" name="Multiple_wide_dataset"/>
    <testcase time="0.0100000000000016" classname="dplyr_call_examples" name="Multiple_wide_dataset"/>
    <testcase time="0.0240000000000009" classname="dplyr_call_examples" name="Multiple_wide_dataset"/>
    <testcase time="0.0109999999999992" classname="dplyr_call_examples" name="Multiple_wide_dataset"/>
    <testcase time="0.0069999999999979" classname="dplyr_call_examples" name="Single_long_dataset"/>
    <testcase time="0.00300000000000011" classname="dplyr_call_examples" name="Single_long_dataset"/>
    <testcase time="0.00500000000000256" classname="dplyr_call_examples" name="Single_long_dataset"/>
    <testcase time="0.00300000000000011" classname="dplyr_call_examples" name="Single_long_dataset"/>
    <testcase time="0.00600000000000023" classname="dplyr_call_examples" name="Single_long_dataset"/>
    <testcase time="0.00599999999999667" classname="dplyr_call_examples" name="Single_long_dataset"/>
    <testcase time="0.00800000000000267" classname="dplyr_call_examples" name="Single_long_dataset"/>
    <testcase time="0.00199999999999889" classname="dplyr_call_examples" name="Single_long_dataset"/>
    <testcase time="0.0160000000000018" classname="dplyr_call_examples" name="Single_long_dataset"/>
    <testcase time="0.00700000000000145" classname="dplyr_call_examples" name="Single_long_dataset"/>
    <testcase time="0.0139999999999993" classname="dplyr_call_examples" name="Single_long_dataset"/>
    <testcase time="0.00700000000000145" classname="dplyr_call_examples" name="Single_long_dataset"/>
    <testcase time="0.014999999999997" classname="dplyr_call_examples" name="Single_long_dataset"/>
    <testcase time="0.00800000000000267" classname="dplyr_call_examples" name="Single_long_dataset"/>
    <testcase time="0.0159999999999982" classname="dplyr_call_examples" name="Single_long_dataset"/>
    <testcase time="0.00799999999999912" classname="dplyr_call_examples" name="Single_long_dataset"/>
    <testcase time="0.0190000000000019" classname="dplyr_call_examples" name="Single_long_dataset"/>
    <testcase time="0.00900000000000034" classname="dplyr_call_examples" name="Single_long_dataset"/>
    <testcase time="0.0539999999999985" classname="dplyr_call_examples" name="Single_long_dataset"/>
    <testcase time="0.0120000000000005" classname="dplyr_call_examples" name="Single_long_dataset"/>
    <testcase time="0.00799999999999912" classname="dplyr_call_examples" name="Single_long_dataset"/>
    <testcase time="0.00200000000000244" classname="dplyr_call_examples" name="Single_long_dataset"/>
    <testcase time="0.00600000000000023" classname="dplyr_call_examples" name="Single_long_dataset"/>
    <testcase time="0.00899999999999679" classname="dplyr_call_examples" name="Single_long_dataset"/>
    <testcase time="0.00200000000000244" classname="dplyr_call_examples" name="Single_long_dataset"/>
    <testcase time="0.00300000000000011" classname="dplyr_call_examples" name="Single_long_dataset"/>
    <testcase time="0.00799999999999912" classname="dplyr_call_examples" name="Single_long_dataset"/>
    <testcase time="0.00199999999999889" classname="dplyr_call_examples" name="Single_long_dataset"/>
    <testcase time="0.00400000000000134" classname="dplyr_call_examples" name="Single_long_dataset"/>
    <testcase time="0.0109999999999992" classname="dplyr_call_examples" name="Single_long_dataset"/>
    <testcase time="0.00300000000000011" classname="dplyr_call_examples" name="Single_long_dataset"/>
    <testcase time="0.00300000000000011" classname="dplyr_call_examples" name="Single_long_dataset"/>
    <testcase time="0.0210000000000008" classname="dplyr_call_examples" name="Single_long_dataset"/>
    <testcase time="0.00399999999999778" classname="dplyr_call_examples" name="Single_long_dataset"/>
    <testcase time="0.0100000000000016" classname="dplyr_call_examples" name="Single_long_dataset"/>
    <testcase time="0.0249999999999986" classname="dplyr_call_examples" name="Single_long_dataset"/>
    <testcase time="0.00600000000000023" classname="dplyr_call_examples" name="Single_long_dataset"/>
    <testcase time="0.0110000000000028" classname="dplyr_call_examples" name="Single_long_dataset"/>
    <testcase time="0.0179999999999971" classname="dplyr_call_examples" name="Single_long_dataset"/>
    <testcase time="0.00400000000000134" classname="dplyr_call_examples" name="Single_long_dataset"/>
    <testcase time="0.0100000000000016" classname="dplyr_call_examples" name="Single_long_dataset"/>
    <testcase time="0.0409999999999968" classname="dplyr_call_examples" name="Single_long_dataset"/>
    <testcase time="0.00500000000000256" classname="dplyr_call_examples" name="Single_long_dataset"/>
    <testcase time="0.0189999999999984" classname="dplyr_call_examples" name="Single_long_dataset"/>
    <testcase time="0.0510000000000019" classname="dplyr_call_examples" name="Single_long_dataset"/>
    <testcase time="0.00499999999999901" classname="dplyr_call_examples" name="Single_long_dataset"/>
    <testcase time="0.0139999999999993" classname="dplyr_call_examples" name="Single_long_dataset"/>
    <testcase time="0.00700000000000145" classname="dplyr_call_examples" name="Single_long_dataset"/>
    <testcase time="0.00300000000000011" classname="dplyr_call_examples" name="Single_long_dataset"/>
    <testcase time="0.00300000000000011" classname="dplyr_call_examples" name="Single_long_dataset"/>
    <testcase time="0.0380000000000003" classname="dplyr_call_examples" name="Single_long_dataset"/>
    <testcase time="0.0139999999999993" classname="dplyr_call_examples" name="Single_long_dataset"/>
    <testcase time="0.00900000000000034" classname="dplyr_call_examples" name="Single_long_dataset"/>
    <testcase time="0.00300000000000011" classname="dplyr_call_examples" name="Single_long_dataset"/>
    <testcase time="0.0410000000000004" classname="dplyr_call_examples" name="Single_long_dataset"/>
    <testcase time="0.0160000000000018" classname="dplyr_call_examples" name="Single_long_dataset"/>
    <testcase time="0.0150000000000006" classname="dplyr_call_examples" name="Multiple_long_datasets"/>
    <testcase time="0.00899999999999679" classname="dplyr_call_examples" name="Multiple_long_datasets"/>
    <testcase time="0.0110000000000028" classname="dplyr_call_examples" name="Multiple_long_datasets"/>
    <testcase time="0.00799999999999912" classname="dplyr_call_examples" name="Multiple_long_datasets"/>
    <testcase time="0.0129999999999981" classname="dplyr_call_examples" name="Multiple_long_datasets"/>
    <testcase time="0.00800000000000267" classname="dplyr_call_examples" name="Multiple_long_datasets"/>
    <testcase time="0.0219999999999985" classname="dplyr_call_examples" name="Multiple_long_datasets"/>
    <testcase time="0.00799999999999912" classname="dplyr_call_examples" name="Multiple_long_datasets"/>
    <testcase time="0.0140000000000029" classname="dplyr_call_examples" name="Multiple_long_datasets"/>
    <testcase time="0.0069999999999979" classname="dplyr_call_examples" name="Multiple_long_datasets"/>
    <testcase time="0.0190000000000019" classname="dplyr_call_examples" name="Multiple_long_datasets"/>
    <testcase time="0.0069999999999979" classname="dplyr_call_examples" name="Multiple_long_datasets"/>
    <testcase time="0.00900000000000034" classname="dplyr_call_examples" name="Multiple_long_datasets"/>
    <testcase time="0.0160000000000018" classname="dplyr_call_examples" name="Multiple_long_datasets"/>
    <testcase time="0.00499999999999901" classname="dplyr_call_examples" name="Multiple_long_datasets"/>
    <testcase time="0.0109999999999992" classname="dplyr_call_examples" name="Multiple_long_datasets"/>
    <testcase time="0.0330000000000013" classname="dplyr_call_examples" name="Multiple_long_datasets"/>
    <testcase time="0.00399999999999778" classname="dplyr_call_examples" name="Multiple_long_datasets"/>
    <testcase time="0.0130000000000017" classname="dplyr_call_examples" name="Multiple_long_datasets"/>
    <testcase time="0.0640000000000001" classname="dplyr_call_examples" name="Multiple_long_datasets"/>
    <testcase time="0.00499999999999901" classname="dplyr_call_examples" name="Multiple_long_datasets"/>
    <testcase time="0.0259999999999998" classname="dplyr_call_examples" name="Multiple_long_datasets"/>
    <testcase time="0.0330000000000013" classname="dplyr_call_examples" name="Multiple_long_datasets"/>
    <testcase time="0.0119999999999969" classname="dplyr_call_examples" name="Multiple_long_datasets"/>
    <testcase time="0.0160000000000018" classname="dplyr_call_examples" name="Multiple_long_datasets"/>
    <testcase time="0.00600000000000023" classname="dplyr_call_examples" name="Multiple_long_datasets"/>
    <testcase time="0.00799999999999912" classname="dplyr_call_examples" name="Multiple_long_datasets"/>
    <testcase time="0.0180000000000007" classname="dplyr_call_examples" name="Multiple_long_combined_concatenated_filters"/>
    <testcase time="0.00399999999999778" classname="dplyr_call_examples" name="Multiple_long_combined_concatenated_filters"/>
    <testcase time="0.00900000000000034" classname="dplyr_call_examples" name="Multiple_long_combined_concatenated_filters"/>
    <testcase time="0.0160000000000018" classname="dplyr_call_examples" name="Multiple_long_combined_concatenated_filters"/>
    <testcase time="0.00400000000000134" classname="dplyr_call_examples" name="Multiple_long_combined_concatenated_filters"/>
    <testcase time="0.0159999999999982" classname="dplyr_call_examples" name="Multiple_long_combined_concatenated_filters"/>
    <testcase time="0.0339999999999989" classname="dplyr_call_examples" name="Multiple_long_combined_concatenated_filters"/>
    <testcase time="0.0130000000000017" classname="dplyr_call_examples" name="Multiple_long_combined_concatenated_filters"/>
    <testcase time="0.0329999999999977" classname="dplyr_call_examples" name="Multiple_long_combined_concatenated_filters"/>
    <testcase time="0.027000000000001" classname="dplyr_call_examples" name="Multiple_long_combined_concatenated_filters"/>
    <testcase time="0.0199999999999996" classname="dplyr_call_examples" name="Multiple_long_combined_concatenated_filters"/>
    <testcase time="0.00900000000000034" classname="dplyr_call_examples" name="Multiple_long_combined_concatenated_filters"/>
    <testcase time="0.0280000000000022" classname="dplyr_call_examples" name="Universal_example"/>
  </testsuite>
  <testsuite name="filter_spec" timestamp="2023-06-09T17:15:29Z" hostname="c23c7580f482" tests="83" skipped="0" failures="0" errors="0" time="5.609">
    <testcase time="0.0209999999999972" classname="filter_spec" name="Proper_argument_types"/>
    <testcase time="0.00900000000000034" classname="filter_spec" name="Proper_argument_types"/>
    <testcase time="0.00900000000000034" classname="filter_spec" name="Proper_argument_types"/>
    <testcase time="0.0160000000000018" classname="filter_spec" name="Proper_argument_types"/>
    <testcase time="0.00900000000000034" classname="filter_spec" name="Proper_argument_types"/>
    <testcase time="0.00899999999999679" classname="filter_spec" name="Proper_argument_types"/>
    <testcase time="0.00800000000000267" classname="filter_spec" name="Proper_argument_types"/>
    <testcase time="0.00900000000000034" classname="filter_spec" name="Proper_argument_types"/>
    <testcase time="0.00999999999999801" classname="filter_spec" name="Proper_argument_types"/>
    <testcase time="0.00799999999999912" classname="filter_spec" name="Proper_argument_types"/>
    <testcase time="0.00800000000000267" classname="filter_spec" name="Proper_argument_types"/>
    <testcase time="0.00499999999999901" classname="filter_spec" name="Single_choice"/>
    <testcase time="0.00199999999999889" classname="filter_spec" name="Single_choice"/>
    <testcase time="0.00200000000000244" classname="filter_spec" name="Single_choice"/>
    <testcase time="0.00199999999999889" classname="filter_spec" name="Single_choice"/>
    <testcase time="0.00499999999999901" classname="filter_spec" name="Single_choice"/>
    <testcase time="0.00200000000000244" classname="filter_spec" name="Single_choice"/>
    <testcase time="0.00999999999999801" classname="filter_spec" name="Multiple_choices"/>
    <testcase time="0.00400000000000134" classname="filter_spec" name="Multiple_choices"/>
    <testcase time="0.00300000000000011" classname="filter_spec" name="Multiple_choices"/>
    <testcase time="0.00600000000000023" classname="filter_spec" name="Multiple_choices"/>
    <testcase time="0.0069999999999979" classname="filter_spec" name="Multiple_choices"/>
    <testcase time="0.00199999999999889" classname="filter_spec" name="Multiple_choices"/>
    <testcase time="0.00100000000000122" classname="filter_spec" name="Multiple_choices"/>
    <testcase time="0.0120000000000005" classname="filter_spec" name="Multiple_vars"/>
    <testcase time="0.00900000000000034" classname="filter_spec" name="Multiple_vars"/>
    <testcase time="0.00999999999999801" classname="filter_spec" name="Multiple_vars"/>
    <testcase time="0.00499999999999901" classname="filter_spec" name="Multiple_vars"/>
    <testcase time="0.00300000000000011" classname="filter_spec" name="Multiple_vars"/>
    <testcase time="0.00400000000000134" classname="filter_spec" name="Multiple_vars"/>
    <testcase time="0.00199999999999889" classname="filter_spec" name="Multiple_vars"/>
    <testcase time="0.0140000000000029" classname="filter_spec" name="Multiple_vars"/>
    <testcase time="0.00299999999999656" classname="filter_spec" name="Multiple_vars"/>
    <testcase time="0.00200000000000244" classname="filter_spec" name="Multiple_vars"/>
    <testcase time="0.00199999999999889" classname="filter_spec" name="Multiple_vars"/>
    <testcase time="0.00300000000000011" classname="filter_spec" name="Multiple_vars"/>
    <testcase time="0.00400000000000134" classname="filter_spec" name="Multiple_vars"/>
    <testcase time="0.00399999999999778" classname="filter_spec" name="Multiple_vars"/>
    <testcase time="0.00200000000000244" classname="filter_spec" name="Multiple_vars"/>
    <testcase time="0.000999999999997669" classname="filter_spec" name="Multiple_vars"/>
    <testcase time="0.00300000000000011" classname="filter_spec" name="Multiple_vars"/>
    <testcase time="0.00600000000000023" classname="filter_spec" name="Multiple_vars"/>
    <testcase time="0.00200000000000244" classname="filter_spec" name="Multiple_vars"/>
    <testcase time="0.00799999999999912" classname="filter_spec" name="Dropping_keys_attribute"/>
    <testcase time="0.0069999999999979" classname="filter_spec" name="Dropping_keys_attribute"/>
    <testcase time="0.00400000000000134" classname="filter_spec" name="Dropping_keys_attribute"/>
    <testcase time="0.00600000000000023" classname="filter_spec" name="Dropping_keys_attribute"/>
    <testcase time="0.0169999999999995" classname="filter_spec" name="delayed_filter_spec"/>
    <testcase time="0.0249999999999986" classname="filter_spec" name="delayed_filter_spec"/>
    <testcase time="0.00400000000000134" classname="filter_spec" name="filter_spec_with_choices_selected_where_all_selected_in_choices_does_not_throw_an_error"/>
    <testcase time="0.00499999999999901" classname="filter_spec" name="filter_spec_internal"/>
    <testcase time="0.00400000000000134" classname="filter_spec" name="filter_spec_internal"/>
    <testcase time="0.00300000000000011" classname="filter_spec" name="filter_spec_internal"/>
    <testcase time="2.488" classname="filter_spec" name="filter_spec_internal_contains_dataname"/>
    <testcase time="0.00300000000000011" classname="filter_spec" name="filter_spec_internal_contains_dataname"/>
    <testcase time="0.00600000000000023" classname="filter_spec" name="delayed_filter_spec_works"/>
    <testcase time="0.00300000000000011" classname="filter_spec" name="delayed_filter_spec_works"/>
    <testcase time="0.0069999999999979" classname="filter_spec" name="delayed_filter_spec_works"/>
    <testcase time="0.00799999999999912" classname="filter_spec" name="delayed_filter_spec_works"/>
    <testcase time="2.361" classname="filter_spec" name="delayed_version_of_filter_spec"/>
    <testcase time="0.0529999999999973" classname="filter_spec" name="delayed_version_of_filter_spec"/>
    <testcase time="0.00500000000000256" classname="filter_spec" name="delayed_version_of_filter_spec"/>
    <testcase time="0.00499999999999545" classname="filter_spec" name="delayed_version_of_filter_spec"/>
    <testcase time="0.00900000000000034" classname="filter_spec" name="delayed_version_of_filter_spec"/>
    <testcase time="0.0320000000000036" classname="filter_spec" name="delayed_version_of_filter_spec"/>
    <testcase time="0.00300000000000011" classname="filter_spec" name="delayed_version_of_filter_spec"/>
    <testcase time="0.00300000000000011" classname="filter_spec" name="delayed_version_of_filter_spec"/>
    <testcase time="0.00800000000000267" classname="filter_spec" name="all_choices_passed_to_selected_identical_to_all_choices"/>
    <testcase time="0.019999999999996" classname="filter_spec" name="delayed_filter_spec_resolve_delayed"/>
    <testcase time="0.0380000000000038" classname="filter_spec" name="delayed_filter_spec_resolve_delayed"/>
    <testcase time="0.00600000000000023" classname="filter_spec" name="filter_spec_with_choices_selected_where_all_selected_in_choices_does_not_throw_an_error_resolve_delayed"/>
    <testcase time="0.00600000000000023" classname="filter_spec" name="delayed_filter_spec_works_resolve_delayed"/>
    <testcase time="0.00300000000000011" classname="filter_spec" name="delayed_filter_spec_works_resolve_delayed"/>
    <testcase time="0.0129999999999981" classname="filter_spec" name="delayed_filter_spec_works_resolve_delayed"/>
    <testcase time="0.0109999999999957" classname="filter_spec" name="delayed_filter_spec_works_resolve_delayed"/>
    <testcase time="0.0470000000000041" classname="filter_spec" name="delayed_version_of_filter_spec_resolve_delayed"/>
    <testcase time="0.0690000000000026" classname="filter_spec" name="delayed_version_of_filter_spec_resolve_delayed"/>
    <testcase time="0.00399999999999778" classname="filter_spec" name="delayed_version_of_filter_spec_resolve_delayed"/>
    <testcase time="0.00300000000000011" classname="filter_spec" name="delayed_version_of_filter_spec_resolve_delayed"/>
    <testcase time="0.00799999999999557" classname="filter_spec" name="delayed_version_of_filter_spec_resolve_delayed"/>
    <testcase time="0.0360000000000014" classname="filter_spec" name="delayed_version_of_filter_spec_resolve_delayed"/>
    <testcase time="0.00300000000000011" classname="filter_spec" name="delayed_version_of_filter_spec_resolve_delayed"/>
    <testcase time="0.007000000000005" classname="filter_spec" name="delayed_version_of_filter_spec_resolve_delayed"/>
  </testsuite>
  <testsuite name="format_data_extract" timestamp="2023-06-09T17:15:35Z" hostname="c23c7580f482" tests="5" skipped="1" failures="0" errors="0" time="0.065">
    <testcase time="0.00999999999999801" classname="format_data_extract" name="format_data_extract_is_a_function_that_accepts_a_list"/>
    <testcase time="0.00999999999999801" classname="format_data_extract" name="format_data_extract_asserts_its_argument_has_required_names"/>
    <testcase time="0.00399999999999778" classname="format_data_extract" name="format_data_extract_returns_a_string_representation_of_the_extracted_data"/>
    <testcase time="0.0370000000000061" classname="format_data_extract" name="format_data_extract_integrates_with_data_extract_srv"/>
    <testcase time="0.00399999999999778" classname="format_data_extract" name="format_data_extract_integrates_with_data_extract_srv_and_the_filtered_data_object">
      <skipped message="Reason: testing depth 3 is below current testing specification 4 ('test-format_data_extract.R:55:3')"/>
    </testcase>
  </testsuite>
  <testsuite name="get_dplyr_call" timestamp="2023-06-09T17:15:35Z" hostname="c23c7580f482" tests="23" skipped="0" failures="0" errors="0" time="0.218">
    <testcase time="0.0480000000000018" classname="get_dplyr_call" name="get_select_call"/>
    <testcase time="0.00199999999999534" classname="get_dplyr_call" name="get_select_call"/>
    <testcase time="0.00200000000000244" classname="get_dplyr_call" name="get_select_call"/>
    <testcase time="0.00300000000000011" classname="get_dplyr_call" name="get_filter_call"/>
    <testcase time="0.00399999999999778" classname="get_dplyr_call" name="get_filter_call"/>
    <testcase time="0.00300000000000011" classname="get_dplyr_call" name="get_filter_call"/>
    <testcase time="0.00200000000000244" classname="get_dplyr_call" name="get_filter_call"/>
    <testcase time="0.0390000000000015" classname="get_dplyr_call" name="get_rename_call"/>
    <testcase time="0.0150000000000006" classname="get_dplyr_call" name="get_rename_call"/>
    <testcase time="0.0120000000000005" classname="get_dplyr_call" name="get_rename_call"/>
    <testcase time="0.0129999999999981" classname="get_dplyr_call" name="get_rename_call"/>
    <testcase time="0.00900000000000034" classname="get_dplyr_call" name="get_reshape_call"/>
    <testcase time="0.00600000000000023" classname="get_dplyr_call" name="get_reshape_call"/>
    <testcase time="0.0069999999999979" classname="get_dplyr_call" name="get_dplyr_call_single_filter_and_single_select"/>
    <testcase time="0.00500000000000256" classname="get_dplyr_call" name="get_dplyr_call_single_filter_and_single_select"/>
    <testcase time="0.00600000000000023" classname="get_dplyr_call" name="get_dplyr_call_single_filter_and_single_select"/>
    <testcase time="0.00499999999999545" classname="get_dplyr_call" name="get_dplyr_call_single_filter_and_single_select"/>
    <testcase time="0.00500000000000256" classname="get_dplyr_call" name="get_dplyr_call_single_filter_and_single_select"/>
    <testcase time="0.00600000000000023" classname="get_dplyr_call" name="get_dplyr_call_single_filter_and_single_select"/>
    <testcase time="0.00499999999999545" classname="get_dplyr_call" name="get_dplyr_call_single_filter_and_single_select"/>
    <testcase time="0.00800000000000267" classname="get_dplyr_call" name="get_dplyr_call_multiple_filter_s_or_multiple_select_s_"/>
    <testcase time="0.0069999999999979" classname="get_dplyr_call" name="get_dplyr_call_multiple_filter_s_or_multiple_select_s_"/>
    <testcase time="0.00600000000000023" classname="get_dplyr_call" name="get_dplyr_call_multiple_filter_s_or_multiple_select_s_"/>
  </testsuite>
  <testsuite name="get_filter_call-datasets" timestamp="2023-06-09T17:15:35Z" hostname="c23c7580f482" tests="17" skipped="0" failures="0" errors="0" time="0.124">
    <testcase time="0.0180000000000007" classname="get_filter_call_datasets" name="get_filter_call_throws_error_if_dataset_is_not_a_named_list_of_reactives"/>
    <testcase time="0.00500000000000256" classname="get_filter_call_datasets" name="get_filter_call_data_NAs_and_one_column_one_selection"/>
    <testcase time="0.00399999999999778" classname="get_filter_call_datasets" name="get_filter_call_data_NAs_and_one_column_two_selections"/>
    <testcase time="0.007000000000005" classname="get_filter_call_datasets" name="get_filter_call_data_NAs_and_two_columns"/>
    <testcase time="0.00599999999999312" classname="get_filter_call_datasets" name="get_filter_call_data_some_of_factor_levels_and_integer"/>
    <testcase time="0.007000000000005" classname="get_filter_call_datasets" name="get_filter_call_data_trunc_POSIX_and_single_column"/>
    <testcase time="0.0069999999999979" classname="get_filter_call_datasets" name="get_filter_call_data_trunc_POSIX_and_two_columns"/>
    <testcase time="0.00600000000000023" classname="get_filter_call_datasets" name="get_filter_call_data_SEX_and_two_columns_SEX_variable_is_still_there"/>
    <testcase time="0.00600000000000023" classname="get_filter_call_datasets" name="get_filter_call_data_three_columns"/>
    <testcase time="0.00500000000000256" classname="get_filter_call_datasets" name="get_filter_call_data_non_empty_filter_as_NA_is_not_selected_and_there_are_missings"/>
    <testcase time="0.00399999999999778" classname="get_filter_call_datasets" name="get_filter_call_FALSE_if_empty_selection_for_single"/>
    <testcase time="0.00600000000000023" classname="get_filter_call_datasets" name="get_filter_call_data_all_factor_levels_and_integer"/>
    <testcase time="0.00800000000000267" classname="get_filter_call_datasets" name="get_filter_call_data_empty_filter_as_all_levels_and_NA_for_DCSREAS_are_selected"/>
    <testcase time="0.00900000000000034" classname="get_filter_call_datasets" name="get_filter_call_data_empty_as_all_levels_for_SEX_are_selected_no_missings"/>
    <testcase time="0.00900000000000034" classname="get_filter_call_datasets" name="get_filter_call_skip_if_all_selected_for_single_variable"/>
    <testcase time="0.00799999999999557" classname="get_filter_call_datasets" name="get_filter_call_skip_if_all_selected_for_multiple_variables"/>
    <testcase time="0.00900000000000034" classname="get_filter_call_datasets" name="get_filter_call_skip_if_all_selected_for_multiple_variables_3_vars"/>
  </testsuite>
  <testsuite name="input_checks" timestamp="2023-06-09T17:15:35Z" hostname="c23c7580f482" tests="5" skipped="0" failures="0" errors="0" time="0.047">
    <testcase time="0.0180000000000007" classname="input_checks" name="check_no_multiple_selection_works"/>
    <testcase time="0.0120000000000005" classname="input_checks" name="check_no_multiple_selection_works"/>
    <testcase time="0.007000000000005" classname="input_checks" name="check_no_multiple_selection_works"/>
    <testcase time="0.00499999999999545" classname="input_checks" name="list_extract_spec_works"/>
    <testcase time="0.00500000000000256" classname="input_checks" name="list_extract_spec_works"/>
  </testsuite>
  <testsuite name="merge_expression_module" timestamp="2023-06-09T17:15:35Z" hostname="c23c7580f482" tests="7" skipped="0" failures="0" errors="0" time="0.152">
    <testcase time="0.0349999999999966" classname="merge_expression_module" name="merge_expression_module_accepts_a_list_of_data_extract_spec_a_list_of_reactive_data_frames_and_a_join_keys"/>
    <testcase time="0.0100000000000051" classname="merge_expression_module" name="merge_expression_module_returns_a_reactive_containing_a_list"/>
    <testcase time="0.0579999999999998" classname="merge_expression_module" name="merge_expression_module_returns_a_reactive_containing_a_list"/>
    <testcase time="0.00200000000000244" classname="merge_expression_module" name="merge_expression_module_returns_a_reactive_containing_a_list"/>
    <testcase time="0.0129999999999981" classname="merge_expression_module" name="merge_expression_module_works_if_list_some_elements_of_the_list_are_NULL"/>
    <testcase time="0.0169999999999959" classname="merge_expression_module" name="merge_expression_module_throws_error_if_data_extract_is_not_a_list_of_data_extract_spec"/>
    <testcase time="0.017000000000003" classname="merge_expression_module" name="merge_expression_module_throws_error_if_data_extract_is_not_a_named_list"/>
  </testsuite>
  <testsuite name="merge_expression_srv" timestamp="2023-06-09T17:15:35Z" hostname="c23c7580f482" tests="24" skipped="0" failures="0" errors="0" time="0.503">
    <testcase time="0.0260000000000034" classname="merge_expression_srv" name="merge_expression_srv_returns_a_reactive_containing_a_list"/>
    <testcase time="0.00899999999999324" classname="merge_expression_srv" name="merge_expression_srv_returns_a_reactive_containing_a_list"/>
    <testcase time="0.00100000000000477" classname="merge_expression_srv" name="merge_expression_srv_returns_a_reactive_containing_a_list"/>
    <testcase time="0.027000000000001" classname="merge_expression_srv" name="merge_expression_srv_throws_error_with_missing_selector_list_and_datasets_arguments"/>
    <testcase time="0.0229999999999961" classname="merge_expression_srv" name="merge_expression_srv_throws_error_with_missing_selector_list_and_datasets_arguments"/>
    <testcase time="0.0120000000000005" classname="merge_expression_srv" name="merge_expression_srv_default_merge_function_is_dplyr_full_join"/>
    <testcase time="0.0120000000000005" classname="merge_expression_srv" name="merge_expression_srv_default_anl_name_is_ANL"/>
    <testcase time="0.0129999999999981" classname="merge_expression_srv" name="merge_expression_srv_default_anl_name_is_ANL"/>
    <testcase time="0.0290000000000035" classname="merge_expression_srv" name="merge_expression_srv_throws_error_when_anl_name_is_not_character_or_using_non_allowed_names"/>
    <testcase time="0.0399999999999991" classname="merge_expression_srv" name="merge_expression_srv_throws_error_when_anl_name_is_not_character_or_using_non_allowed_names"/>
    <testcase time="0.0249999999999986" classname="merge_expression_srv" name="merge_expression_srv_throws_error_when_anl_name_is_not_character_or_using_non_allowed_names"/>
    <testcase time="0.0279999999999987" classname="merge_expression_srv" name="merge_expression_srv_throws_error_when_anl_name_is_not_character_or_using_non_allowed_names"/>
    <testcase time="0.0230000000000032" classname="merge_expression_srv" name="merge_expression_srv_throws_error_selector_list_is_not_a_list_or_a_reactive"/>
    <testcase time="0.0290000000000035" classname="merge_expression_srv" name="merge_expression_srv_throws_error_selector_list_is_not_a_list_or_a_reactive"/>
    <testcase time="0.0279999999999987" classname="merge_expression_srv" name="merge_expression_srv_throws_error_if_selector_list_is_not_named_list"/>
    <testcase time="0.0189999999999984" classname="merge_expression_srv" name="merge_expression_srv_accepts_reactive_and_character_merge_function"/>
    <testcase time="0.017000000000003" classname="merge_expression_srv" name="merge_expression_srv_accepts_reactive_and_character_merge_function"/>
    <testcase time="0.0309999999999988" classname="merge_expression_srv" name="merge_expression_srv_returns_merge_expression_when_passing_2_extracts_in_selector_list"/>
    <testcase time="0.00600000000000023" classname="merge_expression_srv" name="merge_expression_srv_returns_merge_expression_when_passing_2_extracts_in_selector_list"/>
    <testcase time="0.00300000000000011" classname="merge_expression_srv" name="merge_expression_srv_returns_merge_expression_when_passing_2_extracts_in_selector_list"/>
    <testcase time="0.0300000000000011" classname="merge_expression_srv" name="merge_expression_srv_throws_error_if_datasets_is_not_a_named_list"/>
    <testcase time="0.0399999999999991" classname="merge_expression_srv" name="merge_expression_srv_throws_error_if_join_keys_is_not_a_JoinKeys_object"/>
    <testcase time="0.0129999999999981" classname="merge_expression_srv" name="merge_expression_srv_accepts_a_list_of_reactive_data.frames_for_datasets_argument"/>
    <testcase time="0.0189999999999984" classname="merge_expression_srv" name="merge_expression_srv_accepts_a_list_of_reactive_data.frames_for_datasets_argument"/>
  </testsuite>
  <testsuite name="merge_utils" timestamp="2023-06-09T17:15:36Z" hostname="c23c7580f482" tests="36" skipped="0" failures="0" errors="0" time="0.198">
    <testcase time="0.0150000000000006" classname="merge_utils" name="merge_selectors_makes_no_changes_when_single_selector_is_provided"/>
    <testcase time="0.00600000000000023" classname="merge_utils" name="merge_selectors_combines_two_selectors_into_one_if_dataname_filters_keys_reshape_are_identical"/>
    <testcase time="0.00500000000000256" classname="merge_utils" name="merge_selectors_combines_two_selectorsdespite_duplicated_internal_id"/>
    <testcase time="0.00600000000000023" classname="merge_utils" name="Two_pairs_of_selectors_combined_into_two_selectors"/>
    <testcase time="0.00600000000000023" classname="merge_utils" name="merge_does_not_merge_when_reshape_differs"/>
    <testcase time="0.00499999999999545" classname="merge_utils" name="merge_does_not_merge_when_filters_differs"/>
    <testcase time="0.00400000000000489" classname="merge_utils" name="get_merge_key_pair_works"/>
    <testcase time="0.00300000000000011" classname="merge_utils" name="get_merge_key_pair_works"/>
    <testcase time="0.00300000000000011" classname="merge_utils" name="get_merge_key_pair_works"/>
    <testcase time="0.00199999999999534" classname="merge_utils" name="get_merge_key_pair_works"/>
    <testcase time="0.00300000000000011" classname="merge_utils" name="get_merge_key_pair_works"/>
    <testcase time="0.00400000000000489" classname="merge_utils" name="get_merge_key_pair_works"/>
    <testcase time="0.00199999999999534" classname="merge_utils" name="get_merge_key_pair_works"/>
    <testcase time="0.00300000000000011" classname="merge_utils" name="get_merge_key_pair_works"/>
    <testcase time="0.00300000000000011" classname="merge_utils" name="get_merge_key_pair_works"/>
    <testcase time="0.00400000000000489" classname="merge_utils" name="get_merge_key_pair_works"/>
    <testcase time="0.00300000000000011" classname="merge_utils" name="get_merge_key_pair_works"/>
    <testcase time="0.00399999999999778" classname="merge_utils" name="get_merge_key_pair_works"/>
    <testcase time="0.00300000000000011" classname="merge_utils" name="get_merge_key_pair_works"/>
    <testcase time="0.00300000000000011" classname="merge_utils" name="get_merge_key_pair_works"/>
    <testcase time="0.00300000000000011" classname="merge_utils" name="get_merge_key_pair_works"/>
    <testcase time="0.00300000000000011" classname="merge_utils" name="get_merge_key_pair_works"/>
    <testcase time="0.00399999999999778" classname="merge_utils" name="get_merge_call"/>
    <testcase time="0.0110000000000028" classname="merge_utils" name="get_merge_call"/>
    <testcase time="0.00999999999999801" classname="merge_utils" name="get_merge_call"/>
    <testcase time="0.0130000000000052" classname="merge_utils" name="get_merge_call"/>
    <testcase time="0.00499999999999545" classname="merge_utils" name="get_relabel_call"/>
    <testcase time="0.00200000000000244" classname="merge_utils" name="get_relabel_call"/>
    <testcase time="0.00200000000000244" classname="merge_utils" name="get_relabel_call"/>
    <testcase time="0.0069999999999979" classname="merge_utils" name="are_all_keys_provided_returns_TRUE_if_merged_selector_list_has_a_single_element"/>
    <testcase time="0.00900000000000034" classname="merge_utils" name="are_all_keys_provided_returns_FALSE_if_slices_come_from_the_same_dataset_and_the_dataset_has_no_join_keys"/>
    <testcase time="0.00900000000000034" classname="merge_utils" name="are_all_keys_provided_returns_TRUE_if_two_slices_come_from_the_same_dataset_and_the_dataset_has_the_join_keys"/>
    <testcase time="0.0069999999999979" classname="merge_utils" name="are_all_keys_provided_returns_TRUE_if_no_slices_are_passed"/>
    <testcase time="0.00800000000000267" classname="merge_utils" name="are_all_keys_provided_returns_TRUE_if_three_slices_from_different_datasets_are_provided_and_have_the_join_keys"/>
    <testcase time="0.0069999999999979" classname="merge_utils" name="validate_keys_sufficient_returns_TRUE_for_empty_inputs"/>
    <testcase time="0.0110000000000028" classname="merge_utils" name="validate_keys_sufficient_raises_an_error_for_two_slices_with_no_join_keys"/>
  </testsuite>
  <testsuite name="resolve" timestamp="2023-06-09T17:15:39Z" hostname="c23c7580f482" tests="18" skipped="0" failures="0" errors="0" time="2.952">
    <testcase time="2.72199999999999" classname="resolve" name="resolve_delayed_expr_works_correctly"/>
    <testcase time="0.00800000000000267" classname="resolve" name="resolve_delayed_expr_works_correctly"/>
    <testcase time="0.00800000000000267" classname="resolve" name="resolve_delayed_expr_works_correctly"/>
    <testcase time="0.00799999999999557" classname="resolve" name="resolve_delayed_expr_works_correctly"/>
    <testcase time="0.007000000000005" classname="resolve" name="resolve_delayed_expr_works_correctly"/>
    <testcase time="0.00900000000000034" classname="resolve" name="resolve_delayed_expr_works_correctly"/>
    <testcase time="0.00899999999999324" classname="resolve" name="resolve_delayed_expr_works_correctly"/>
    <testcase time="0.00100000000000477" classname="resolve" name="resolve_delayed_expr_works_correctly"/>
    <testcase time="0.00199999999999534" classname="resolve" name="resolve_delayed_expr_works_correctly"/>
    <testcase time="0.0690000000000026" classname="resolve" name="resolve.list_works_correctly"/>
    <testcase time="0.0150000000000006" classname="resolve" name="resolving_delayed_choices_removes_selected_not_in_choices_and_give_a_log_output"/>
    <testcase time="0.00600000000000023" classname="resolve" name="resolving_delayed_choices_removes_selected_not_in_choices_and_give_a_log_output"/>
    <testcase time="0.0110000000000028" classname="resolve" name="resolve_throws_error_with_non_reactive_data.frames_or_unnamed_list_as_input_to_datasets"/>
    <testcase time="0.0279999999999987" classname="resolve" name="resolve_throws_error_with_non_reactive_data.frames_or_unnamed_list_as_input_to_datasets"/>
    <testcase time="0.0150000000000006" classname="resolve" name="resolve_throws_error_with_unnamed_list_or_wrong_names_as_input_to_keys"/>
    <testcase time="0.0120000000000005" classname="resolve" name="resolve_throws_error_with_unnamed_list_or_wrong_names_as_input_to_keys"/>
    <testcase time="0.0129999999999981" classname="resolve" name="resolve_throws_error_with_missing_arguments"/>
    <testcase time="0.00900000000000034" classname="resolve" name="resolve_throws_error_with_missing_arguments"/>
  </testsuite>
  <testsuite name="resolve_delayed" timestamp="2023-06-09T17:15:42Z" hostname="c23c7580f482" tests="14" skipped="0" failures="0" errors="0" time="3.116">
    <testcase time="2.615" classname="resolve_delayed" name="resolve_delayed_expr_works_correctly"/>
    <testcase time="0.00900000000000034" classname="resolve_delayed" name="resolve_delayed_expr_works_correctly"/>
    <testcase time="0.00899999999999324" classname="resolve_delayed" name="resolve_delayed_expr_works_correctly"/>
    <testcase time="0.00900000000000034" classname="resolve_delayed" name="resolve_delayed_expr_works_correctly"/>
    <testcase time="0.00800000000000267" classname="resolve_delayed" name="resolve_delayed_expr_works_correctly"/>
    <testcase time="0.00999999999999801" classname="resolve_delayed" name="resolve_delayed_expr_works_correctly"/>
    <testcase time="0.00800000000000267" classname="resolve_delayed" name="resolve_delayed_expr_works_correctly"/>
    <testcase time="0.00200000000000244" classname="resolve_delayed" name="resolve_delayed_expr_works_correctly"/>
    <testcase time="0.00199999999999534" classname="resolve_delayed" name="resolve_delayed_expr_works_correctly"/>
    <testcase time="0.164000000000001" classname="resolve_delayed" name="resolve_delayed.FilteredData_works_correctly"/>
    <testcase time="0.124000000000002" classname="resolve_delayed" name="resolve_delayed.list_works_correctly_with_reactive_objects"/>
    <testcase time="0.131" classname="resolve_delayed" name="resolve_delayed.list_works_correctly_with_non_reactive_objects"/>
    <testcase time="0.0189999999999984" classname="resolve_delayed" name="resolving_delayed_choices_removes_selected_not_in_choices_and_give_a_log_output"/>
    <testcase time="0.00600000000000023" classname="resolve_delayed" name="resolving_delayed_choices_removes_selected_not_in_choices_and_give_a_log_output"/>
  </testsuite>
  <testsuite name="select_spec" timestamp="2023-06-09T17:15:42Z" hostname="c23c7580f482" tests="59" skipped="0" failures="0" errors="0" time="2.869">
    <testcase time="0.0110000000000028" classname="select_spec" name="Proper_argument_types"/>
    <testcase time="0.00900000000000034" classname="select_spec" name="Proper_argument_types"/>
    <testcase time="0.00900000000000034" classname="select_spec" name="Proper_argument_types"/>
    <testcase time="0.0120000000000005" classname="select_spec" name="Proper_argument_types"/>
    <testcase time="0.00999999999999801" classname="select_spec" name="Proper_argument_types"/>
    <testcase time="0.00800000000000267" classname="select_spec" name="Proper_argument_types"/>
    <testcase time="0.00900000000000034" classname="select_spec" name="Proper_argument_types"/>
    <testcase time="0.00399999999999778" classname="select_spec" name="Single_choice"/>
    <testcase time="0.00300000000000011" classname="select_spec" name="Single_choice"/>
    <testcase time="0.00199999999999534" classname="select_spec" name="Single_choice"/>
    <testcase time="0.00200000000000244" classname="select_spec" name="Single_choice"/>
    <testcase time="0.000999999999997669" classname="select_spec" name="Single_choice"/>
    <testcase time="0.000999999999997669" classname="select_spec" name="Single_choice"/>
    <testcase time="0.00600000000000023" classname="select_spec" name="Single_choice"/>
    <testcase time="0.00600000000000023" classname="select_spec" name="Single_choice"/>
    <testcase time="0.00500000000000256" classname="select_spec" name="Single_choice"/>
    <testcase time="0.00600000000000023" classname="select_spec" name="Single_choice"/>
    <testcase time="0.00300000000000011" classname="select_spec" name="Single_choice"/>
    <testcase time="0.00199999999999534" classname="select_spec" name="Single_choice"/>
    <testcase time="0.00200000000000244" classname="select_spec" name="Single_choice"/>
    <testcase time="0.00200000000000244" classname="select_spec" name="Single_choice"/>
    <testcase time="0.00600000000000023" classname="select_spec" name="Single_choice"/>
    <testcase time="0.00499999999999545" classname="select_spec" name="Single_choice"/>
    <testcase time="0.00199999999999534" classname="select_spec" name="Single_choice"/>
    <testcase time="0.0129999999999981" classname="select_spec" name="Multiple_choices"/>
    <testcase time="0.00400000000000489" classname="select_spec" name="Multiple_choices"/>
    <testcase time="0.00300000000000011" classname="select_spec" name="Multiple_choices"/>
    <testcase time="0.00199999999999534" classname="select_spec" name="Multiple_choices"/>
    <testcase time="0.00300000000000011" classname="select_spec" name="Multiple_choices"/>
    <testcase time="0.00200000000000244" classname="select_spec" name="Multiple_choices"/>
    <testcase time="0.00200000000000244" classname="select_spec" name="Multiple_choices"/>
    <testcase time="0.0069999999999979" classname="select_spec" name="Multiple_choices"/>
    <testcase time="0.0069999999999979" classname="select_spec" name="Multiple_choices"/>
    <testcase time="0.0130000000000052" classname="select_spec" name="Multiple_choices"/>
    <testcase time="0.00799999999999557" classname="select_spec" name="Multiple_choices"/>
    <testcase time="0.00200000000000244" classname="select_spec" name="Multiple_choices"/>
    <testcase time="0.00499999999999545" classname="select_spec" name="resolve_select_spec_works"/>
    <testcase time="0.00200000000000244" classname="select_spec" name="resolve_select_spec_works"/>
    <testcase time="0.00600000000000023" classname="select_spec" name="resolve_select_spec_works"/>
    <testcase time="2.52" classname="select_spec" name="delayed_version_of_select_spec"/>
    <testcase time="0.0120000000000005" classname="select_spec" name="delayed_version_of_select_spec"/>
    <testcase time="0.00399999999999778" classname="select_spec" name="delayed_version_of_select_spec"/>
    <testcase time="0.0069999999999979" classname="select_spec" name="delayed_version_of_select_spec"/>
    <testcase time="0.00300000000000011" classname="select_spec" name="all_choices_passed_to_selected_is_the_same_as_passing_all_choices"/>
    <testcase time="0.0069999999999979" classname="select_spec" name="multiple_is_set_to_TRUE_if_all_choices_is_passed_to_selected"/>
    <testcase time="0.00600000000000023" classname="select_spec" name="multiple_is_set_to_TRUE_if_all_choices_is_passed_to_selected"/>
    <testcase time="0.00300000000000011" classname="select_spec" name="default_values"/>
    <testcase time="0.00500000000000256" classname="select_spec" name="default_values"/>
    <testcase time="0.00600000000000023" classname="select_spec" name="default_values"/>
    <testcase time="0.00399999999999778" classname="select_spec" name="default_values"/>
    <testcase time="0.00500000000000256" classname="select_spec" name="default_values"/>
    <testcase time="0.00200000000000244" classname="select_spec" name="default_values"/>
    <testcase time="0.00799999999999557" classname="select_spec" name="resolve_delayed_select_spec_works_resolve_delayed"/>
    <testcase time="0.00200000000000244" classname="select_spec" name="resolve_delayed_select_spec_works_resolve_delayed"/>
    <testcase time="0.0120000000000005" classname="select_spec" name="resolve_delayed_select_spec_works_resolve_delayed"/>
    <testcase time="0.0309999999999988" classname="select_spec" name="delayed_version_of_select_spec_resolve_delayed"/>
    <testcase time="0.0140000000000029" classname="select_spec" name="delayed_version_of_select_spec_resolve_delayed"/>
    <testcase time="0.00300000000000011" classname="select_spec" name="delayed_version_of_select_spec_resolve_delayed"/>
    <testcase time="0.00999999999999801" classname="select_spec" name="delayed_version_of_select_spec_resolve_delayed"/>
  </testsuite>
  <testsuite name="value_choices" timestamp="2023-06-09T17:15:48Z" hostname="c23c7580f482" tests="21" skipped="0" failures="0" errors="0" time="2.999">
    <testcase time="2.676" classname="value_choices" name="Will_output_warnings_when_value_choices_applied_on_datasets_with_missing_values_and_or_labels"/>
    <testcase time="0.00799999999999557" classname="value_choices" name="Will_output_warnings_when_value_choices_applied_on_datasets_with_missing_values_and_or_labels"/>
    <testcase time="0.0130000000000052" classname="value_choices" name="Will_output_warnings_when_value_choices_applied_on_datasets_with_missing_values_and_or_labels"/>
    <testcase time="0.00999999999999801" classname="value_choices" name="Will_output_warnings_when_value_choices_applied_on_datasets_with_missing_values_and_or_labels"/>
    <testcase time="0.00999999999999801" classname="value_choices" name="Will_output_warnings_when_value_choices_applied_on_datasets_with_missing_values_and_or_labels"/>
    <testcase time="0.00800000000000267" classname="value_choices" name="Will_output_warnings_when_value_choices_applied_on_datasets_with_missing_values_and_or_labels"/>
    <testcase time="0.00799999999999557" classname="value_choices" name="Will_output_warnings_when_value_choices_applied_on_datasets_with_missing_values_and_or_labels"/>
    <testcase time="0.007000000000005" classname="value_choices" name="Will_output_warnings_when_value_choices_applied_on_datasets_with_missing_values_and_or_labels"/>
    <testcase time="0.00799999999999557" classname="value_choices" name="Will_output_warnings_when_value_choices_applied_on_datasets_with_missing_values_and_or_labels"/>
    <testcase time="0.00300000000000011" classname="value_choices" name="delayed_version_of_value_choices"/>
    <testcase time="0.027000000000001" classname="value_choices" name="delayed_version_of_value_choices"/>
    <testcase time="0.00300000000000011" classname="value_choices" name="delayed_version_of_value_choices"/>
    <testcase time="0.0290000000000035" classname="value_choices" name="delayed_version_of_value_choices"/>
    <testcase time="0.00300000000000011" classname="value_choices" name="delayed_version_of_value_choices"/>
    <testcase time="0.029999999999994" classname="value_choices" name="delayed_version_of_value_choices"/>
    <testcase time="0.0380000000000038" classname="value_choices" name="delayed_version_of_value_choices_resolve_delayed"/>
    <testcase time="0.0390000000000015" classname="value_choices" name="delayed_version_of_value_choices_resolve_delayed"/>
    <testcase time="0.00300000000000011" classname="value_choices" name="delayed_version_of_value_choices_resolve_delayed"/>
    <testcase time="0.0419999999999945" classname="value_choices" name="delayed_version_of_value_choices_resolve_delayed"/>
    <testcase time="0.00300000000000011" classname="value_choices" name="delayed_version_of_value_choices_resolve_delayed"/>
    <testcase time="0.0310000000000059" classname="value_choices" name="delayed_version_of_value_choices_resolve_delayed"/>
  </testsuite>
  <testsuite name="variable_choices" timestamp="2023-06-09T17:15:50Z" hostname="c23c7580f482" tests="15" skipped="0" failures="0" errors="0" time="2.532">
    <testcase time="2.431" classname="variable_choices" name="Can_create_variable_choices_with_datasets_with_no_or_missing_labels"/>
    <testcase time="0.00300000000000011" classname="variable_choices" name="Can_create_variable_choices_with_datasets_with_no_or_missing_labels"/>
    <testcase time="0.00300000000000011" classname="variable_choices" name="Can_create_variable_choices_with_datasets_with_no_or_missing_labels"/>
    <testcase time="0.00300000000000011" classname="variable_choices" name="delayed_version_of_variable_choices"/>
    <testcase time="0.0069999999999979" classname="variable_choices" name="delayed_version_of_variable_choices"/>
    <testcase time="0.00300000000000011" classname="variable_choices" name="delayed_version_of_variable_choices"/>
    <testcase time="0.00500000000000256" classname="variable_choices" name="delayed_version_of_variable_choices"/>
    <testcase time="0.00199999999999534" classname="variable_choices" name="delayed_version_of_variable_choices"/>
    <testcase time="0.00500000000000256" classname="variable_choices" name="delayed_version_of_variable_choices"/>
    <testcase time="0.0390000000000015" classname="variable_choices" name="delayed_version_of_variable_choices_resolve_delayed"/>
    <testcase time="0.00999999999999801" classname="variable_choices" name="delayed_version_of_variable_choices_resolve_delayed"/>
    <testcase time="0.00300000000000011" classname="variable_choices" name="delayed_version_of_variable_choices_resolve_delayed"/>
    <testcase time="0.00800000000000267" classname="variable_choices" name="delayed_version_of_variable_choices_resolve_delayed"/>
    <testcase time="0.00199999999999534" classname="variable_choices" name="delayed_version_of_variable_choices_resolve_delayed"/>
    <testcase time="0.00800000000000267" classname="variable_choices" name="delayed_version_of_variable_choices_resolve_delayed"/>
  </testsuite>
</testsuites>
