<?xml version="1.0" encoding="UTF-8"?>
<testsuites>
  <testsuite name="Queue" timestamp="2023-06-01T18:01:11Z" hostname="0a9863feb5b2" tests="21" skipped="0" failures="0" errors="0" time="0.167">
    <testcase time="0.052" classname="Queue" name="Queue_can_be_initialized"/>
    <testcase time="0.0279999999999998" classname="Queue" name="Queue_can_be_initialized"/>
    <testcase time="0.0150000000000001" classname="Queue" name="size_method_returns_number_of_elements_in_queue"/>
    <testcase time="0.004" classname="Queue" name="push_method_adds_elements_to_queue"/>
    <testcase time="0.004" classname="Queue" name="push_method_adds_elements_to_queue"/>
    <testcase time="0.00099999999999989" classname="Queue" name="push_method_adds_elements_to_queue"/>
    <testcase time="0.00299999999999989" classname="Queue" name="push_method_can_add_multiple_elements"/>
    <testcase time="0.00300000000000011" classname="Queue" name="get_method_returns_elements_of_queue"/>
    <testcase time="0.004" classname="Queue" name="pop_method_removes_first_element_from_queue"/>
    <testcase time="0.002" classname="Queue" name="pop_method_removes_first_element_from_queue"/>
    <testcase time="0.004" classname="Queue" name="remove_method_removes_specified_element_from_queue"/>
    <testcase time="0.002" classname="Queue" name="remove_method_removes_specified_element_from_queue"/>
    <testcase time="0.01" classname="Queue" name="remove_method_removes_specified_element_from_queue"/>
    <testcase time="0.002" classname="Queue" name="remove_method_removes_specified_element_from_queue"/>
    <testcase time="0.002" classname="Queue" name="remove_method_removes_specified_element_from_queue"/>
    <testcase time="0.002" classname="Queue" name="remove_method_removes_specified_element_from_queue"/>
    <testcase time="0.00299999999999989" classname="Queue" name="remove_method_can_remove_several_elements"/>
    <testcase time="0.002" classname="Queue" name="remove_method_can_remove_several_elements"/>
    <testcase time="0.004" classname="Queue" name="empty_method_removes_all_elements_from_queue"/>
    <testcase time="0.00700000000000012" classname="Queue" name="empty_method_removes_all_elements_from_queue"/>
    <testcase time="0.0129999999999999" classname="Queue" name="print_method_displays_proper_format"/>
  </testsuite>
  <testsuite name="all_choices" timestamp="2023-06-01T18:01:11Z" hostname="0a9863feb5b2" tests="1" skipped="0" failures="0" errors="0" time="0.02">
    <testcase time="0.02" classname="all_choices" name="all_choices_constructor_does_not_throw"/>
  </testsuite>
  <testsuite name="check_selector" timestamp="2023-06-01T18:01:11Z" hostname="0a9863feb5b2" tests="3" skipped="0" failures="0" errors="0" time="0.046">
    <testcase time="0.0259999999999998" classname="check_selector" name="check_selector_dataname"/>
    <testcase time="0.012" classname="check_selector" name="check_selector_dataname"/>
    <testcase time="0.00800000000000001" classname="check_selector" name="check_selector_dataname"/>
  </testsuite>
  <testsuite name="choices_selected" timestamp="2023-06-01T18:01:11Z" hostname="0a9863feb5b2" tests="19" skipped="0" failures="0" errors="0" time="0.949">
    <testcase time="0.0330000000000001" classname="choices_selected" name="delayed_version_of_choices_selected"/>
    <testcase time="0.545" classname="choices_selected" name="delayed_version_of_choices_selected"/>
    <testcase time="0.00300000000000011" classname="choices_selected" name="delayed_version_of_choices_selected"/>
    <testcase time="0.0549999999999999" classname="choices_selected" name="delayed_version_of_choices_selected"/>
    <testcase time="0.0109999999999999" classname="choices_selected" name="choices_selected_throws_error_when_selected_is_not_found_in_choices"/>
    <testcase time="0.00800000000000001" classname="choices_selected" name="choices_selected_throws_error_when_selected_is_not_found_in_choices"/>
    <testcase time="0.00800000000000001" classname="choices_selected" name="choices_selected_throws_error_when_selected_is_not_found_in_choices"/>
    <testcase time="0.00500000000000012" classname="choices_selected" name="all_choices_is_the_same_as_selecting_all_choices"/>
    <testcase time="0.01" classname="choices_selected" name="choices_selected_throws_when_selected_is_delayed_and_choices_are_not"/>
    <testcase time="0.13" classname="choices_selected" name="choices_selected_throws_when_no_select_keyword_is_passed_to_it_as_a_choice"/>
    <testcase time="0.004" classname="choices_selected" name="is_returns_choices_selected_if_passed_a_choices_selected_object"/>
    <testcase time="0.00299999999999967" classname="choices_selected" name="choices_selected_remove_duplicates"/>
    <testcase time="0.00200000000000022" classname="choices_selected" name="choices_selected_remove_duplicates"/>
    <testcase time="0.00300000000000011" classname="choices_selected" name="choices_selected_remove_duplicates"/>
    <testcase time="0.00299999999999967" classname="choices_selected" name="choices_selected_remove_duplicates"/>
    <testcase time="0.0980000000000003" classname="choices_selected" name="delayed_version_of_choices_selected_resolve_delayed"/>
    <testcase time="0.0139999999999998" classname="choices_selected" name="delayed_version_of_choices_selected_resolve_delayed"/>
    <testcase time="0.004" classname="choices_selected" name="delayed_version_of_choices_selected_resolve_delayed"/>
    <testcase time="0.0100000000000002" classname="choices_selected" name="delayed_version_of_choices_selected_resolve_delayed"/>
  </testsuite>
  <testsuite name="data_extract_datanames" timestamp="2023-06-01T18:01:12Z" hostname="0a9863feb5b2" tests="19" skipped="0" failures="0" errors="0" time="0.119">
    <testcase time="0.0110000000000001" classname="data_extract_datanames" name="get_extract_datanames_accepts_a_single_data_extract_spec_object"/>
    <testcase time="0.004" classname="data_extract_datanames" name="get_extract_datanames_accepts_a_list_of_data_extract_spec_objects"/>
    <testcase time="0.00499999999999989" classname="data_extract_datanames" name="get_extract_datanames_accepts_a_list_of_lists_of_data_extract_spec_objects"/>
    <testcase time="0.004" classname="data_extract_datanames" name="get_extract_datanames_accepts_a_list_of_data_extract_spec_objects_and_NULL"/>
    <testcase time="0.00499999999999989" classname="data_extract_datanames" name="get_extract_datanames_accepts_a_list_of_data_extract_spec_objects_and_logical"/>
    <testcase time="0.004" classname="data_extract_datanames" name="get_extract_datanames_accepts_a_list_of_lists_of_data_extract_spec_objects_and_NULL"/>
    <testcase time="0.00499999999999989" classname="data_extract_datanames" name="get_extract_datanames_accepts_a_list_of_lists_of_data_extract_spec_objects_and_logical"/>
    <testcase time="0.00300000000000011" classname="data_extract_datanames" name="get_extract_datanames_returns_the_dataname_of_the_single_data_extract_spec_object"/>
    <testcase time="0.00300000000000011" classname="data_extract_datanames" name="get_extract_datanames_returns_the_dataname_of_the_single_data_extract_spec_object"/>
    <testcase time="0.00299999999999967" classname="data_extract_datanames" name="get_extract_datanames_returns_the_unique_datanames_from_the_list_of_data_extract_spec_objects"/>
    <testcase time="0.004" classname="data_extract_datanames" name="get_extract_datanames_returns_the_unique_datanames_from_the_list_of_lists_of_data_extract_spec_objects"/>
    <testcase time="0.012" classname="data_extract_datanames" name="get_extract_datanames_throws_error_when_no_data_extract_spec_nor_list_of_lists_of_data_extract_spec_is_passed"/>
    <testcase time="0.0100000000000002" classname="data_extract_datanames" name="get_extract_datanames_throws_error_when_no_data_extract_spec_nor_list_of_lists_of_data_extract_spec_is_passed"/>
    <testcase time="0.00999999999999979" classname="data_extract_datanames" name="get_extract_datanames_throws_error_when_no_data_extract_spec_nor_list_of_lists_of_data_extract_spec_is_passed"/>
    <testcase time="0.00900000000000034" classname="data_extract_datanames" name="get_extract_datanames_throws_error_when_no_data_extract_spec_nor_list_of_lists_of_data_extract_spec_is_passed"/>
    <testcase time="0.00999999999999979" classname="data_extract_datanames" name="get_extract_datanames_throws_error_when_no_data_extract_spec_nor_list_of_lists_of_data_extract_spec_is_passed"/>
    <testcase time="0.0110000000000001" classname="data_extract_datanames" name="get_extract_datanames_throws_error_with_empty_list"/>
    <testcase time="0.004" classname="data_extract_datanames" name="get_extract_datanames_returns_unique_dataname_when_data_extract_specs_have_the_same_dataname"/>
    <testcase time="0.00199999999999978" classname="data_extract_datanames" name="get_extract_datanames_returns_unique_dataname_when_data_extract_specs_have_the_same_dataname"/>
  </testsuite>
  <testsuite name="data_extract_module" timestamp="2023-06-01T18:01:18Z" hostname="0a9863feb5b2" tests="14" skipped="0" failures="0" errors="0" time="6.225">
    <testcase time="6.105" classname="data_extract_module" name="Single_filter"/>
    <testcase time="0.00300000000000011" classname="data_extract_module" name="Single_filter"/>
    <testcase time="0.00199999999999889" classname="data_extract_module" name="Single_filter"/>
    <testcase time="0.00200000000000067" classname="data_extract_module" name="Single_filter"/>
    <testcase time="0.0239999999999991" classname="data_extract_module" name="Multiple_filters"/>
    <testcase time="0.00200000000000067" classname="data_extract_module" name="Multiple_filters"/>
    <testcase time="0.00300000000000011" classname="data_extract_module" name="Multiple_filters"/>
    <testcase time="0.00200000000000067" classname="data_extract_module" name="Multiple_filters"/>
    <testcase time="0.00199999999999889" classname="data_extract_module" name="Multiple_filters"/>
    <testcase time="0.0120000000000005" classname="data_extract_module" name="Multiple_datasets"/>
    <testcase time="0.0359999999999996" classname="data_extract_module" name="Multiple_datasets"/>
    <testcase time="0.00999999999999979" classname="data_extract_module" name="get_initial_filters_values_returns_empty_strings_if_vars_selected_is_NULL"/>
    <testcase time="0.0120000000000005" classname="data_extract_module" name="get_initial_filters_values_returns_all_column_values_and_the_selected_option_if_choices_is_NULL"/>
    <testcase time="0.00999999999999979" classname="data_extract_module" name="get_initial_filters_values_returns_the_selected_and_choices_if_they_are_not_null"/>
  </testsuite>
  <testsuite name="data_extract_multiple_srv" timestamp="2023-06-01T18:01:18Z" hostname="0a9863feb5b2" tests="15" skipped="0" failures="0" errors="0" time="0.304">
    <testcase time="0.0530000000000008" classname="data_extract_multiple_srv" name="data_extract_multiple_srv_accepts_a_named_list_of_data_extract_spec_"/>
    <testcase time="0.0469999999999988" classname="data_extract_multiple_srv" name="data_extract_multiple_srv_returns_a_named_reactive_list_with_reactives"/>
    <testcase time="0.00699999999999967" classname="data_extract_multiple_srv" name="data_extract_multiple_srv_returns_a_named_reactive_list_with_reactives"/>
    <testcase time="0.027000000000001" classname="data_extract_multiple_srv" name="data_extract_multiple_srv_returns_a_named_reactive_list_with_reactives"/>
    <testcase time="0.0109999999999992" classname="data_extract_multiple_srv" name="data_extract_multiple_srv_accepts_an_empty_list"/>
    <testcase time="0.011000000000001" classname="data_extract_multiple_srv" name="data_extract_multiple_srv_returns_an_empty_list_if_passed_an_empty_list"/>
    <testcase time="0.0120000000000005" classname="data_extract_multiple_srv" name="data_extract_multiple_srv_prunes_NULL_from_the_passed_list"/>
    <testcase time="0.0109999999999992" classname="data_extract_multiple_srv" name="data_extract_multiple_srv_accepts_datasets_as_FilteredData_or_list_of_reactive_data.frame"/>
    <testcase time="0.00799999999999912" classname="data_extract_multiple_srv" name="data_extract_multiple_srv_accepts_datasets_as_FilteredData_or_list_of_reactive_data.frame"/>
    <testcase time="0.00799999999999912" classname="data_extract_multiple_srv" name="data_extract_multiple_srv_accepts_datasets_as_FilteredData_or_list_of_reactive_data.frame"/>
    <testcase time="0.0359999999999996" classname="data_extract_multiple_srv" name="data_extract_multiple_srv_accepts_datasets_as_FilteredData_or_list_of_reactive_data.frame"/>
    <testcase time="0.016" classname="data_extract_multiple_srv" name="data_extract_multiple_srv_throws_error_if_datasets_is_not_FilteredData_or_list_of_reactive_data.frame"/>
    <testcase time="0.016" classname="data_extract_multiple_srv" name="data_extract_multiple_srv_throws_if_data_extract_is_not_a_named_list"/>
    <testcase time="0.0140000000000011" classname="data_extract_multiple_srv" name="data_extract_multiple_srv_works_with_join_keys_NULL_default_"/>
    <testcase time="0.0269999999999992" classname="data_extract_multiple_srv" name="data_extract_multiple_srv_accepts_throws_error_when_join_keys_argument_is_not_JoinKeys_object"/>
  </testsuite>
  <testsuite name="data_extract_spec" timestamp="2023-06-01T18:01:19Z" hostname="0a9863feb5b2" tests="68" skipped="0" failures="0" errors="0" time="3.26">
    <testcase time="0.016" classname="data_extract_spec" name="data_extract_spec_argument_checking"/>
    <testcase time="0.00400000000000134" classname="data_extract_spec" name="data_extract_spec_works_with_valid_input"/>
    <testcase time="0.00199999999999889" classname="data_extract_spec" name="data_extract_spec_works_with_valid_input"/>
    <testcase time="0.00200000000000067" classname="data_extract_spec" name="data_extract_spec_works_with_valid_input"/>
    <testcase time="0.00300000000000011" classname="data_extract_spec" name="data_extract_spec_works_with_valid_input"/>
    <testcase time="0.00300000000000011" classname="data_extract_spec" name="data_extract_spec_works_with_valid_input"/>
    <testcase time="0.00199999999999889" classname="data_extract_spec" name="data_extract_spec_works_with_valid_input"/>
    <testcase time="0.00400000000000134" classname="data_extract_spec" name="data_extract_spec_works_with_valid_input"/>
    <testcase time="0.00199999999999889" classname="data_extract_spec" name="data_extract_spec_works_with_valid_input"/>
    <testcase time="0.00200000000000067" classname="data_extract_spec" name="data_extract_spec_works_with_valid_input"/>
    <testcase time="0.00300000000000011" classname="data_extract_spec" name="data_extract_spec_works_with_valid_input"/>
    <testcase time="0.000999999999999446" classname="data_extract_spec" name="data_extract_spec_works_with_valid_input"/>
    <testcase time="0.00100000000000122" classname="data_extract_spec" name="data_extract_spec_works_with_valid_input"/>
    <testcase time="0.00399999999999956" classname="data_extract_spec" name="data_extract_spec_works_with_valid_input"/>
    <testcase time="0.000999999999999446" classname="data_extract_spec" name="data_extract_spec_works_with_valid_input"/>
    <testcase time="0.00200000000000067" classname="data_extract_spec" name="data_extract_spec_works_with_valid_input"/>
    <testcase time="0.00199999999999889" classname="data_extract_spec" name="data_extract_spec_works_with_valid_input"/>
    <testcase time="0.0300000000000011" classname="data_extract_spec" name="delayed_data_extract_spec_works"/>
    <testcase time="0.00199999999999889" classname="data_extract_spec" name="delayed_data_extract_spec_works"/>
    <testcase time="0.00200000000000067" classname="data_extract_spec" name="delayed_data_extract_spec_works"/>
    <testcase time="0.00300000000000011" classname="data_extract_spec" name="delayed_data_extract_spec_works"/>
    <testcase time="0.00200000000000067" classname="data_extract_spec" name="delayed_data_extract_spec_works"/>
    <testcase time="0.000999999999999446" classname="data_extract_spec" name="delayed_data_extract_spec_works"/>
    <testcase time="0.00300000000000011" classname="data_extract_spec" name="delayed_data_extract_spec_works"/>
    <testcase time="0.00199999999999889" classname="data_extract_spec" name="delayed_data_extract_spec_works"/>
    <testcase time="0.0170000000000012" classname="data_extract_spec" name="delayed_data_extract_spec_works"/>
    <testcase time="0.00399999999999956" classname="data_extract_spec" name="delayed_data_extract_spec_works"/>
    <testcase time="0.0129999999999999" classname="data_extract_spec" name="delayed_data_extract_spec_works"/>
    <testcase time="0.0150000000000006" classname="data_extract_spec" name="delayed_data_extract_spec_works"/>
    <testcase time="0.00199999999999889" classname="data_extract_spec" name="delayed_data_extract_spec_works"/>
    <testcase time="0.000999999999999446" classname="data_extract_spec" name="delayed_data_extract_spec_works"/>
    <testcase time="2.655" classname="data_extract_spec" name="delayed_version_of_data_extract_spec"/>
    <testcase time="0.00200000000000067" classname="data_extract_spec" name="delayed_version_of_data_extract_spec"/>
    <testcase time="0.00300000000000011" classname="data_extract_spec" name="delayed_version_of_data_extract_spec"/>
    <testcase time="0.0760000000000005" classname="data_extract_spec" name="delayed_version_of_data_extract_spec"/>
    <testcase time="0.00300000000000011" classname="data_extract_spec" name="delayed_version_of_data_extract_spec"/>
    <testcase time="0.0129999999999999" classname="data_extract_spec" name="delayed_version_of_data_extract_spec"/>
    <testcase time="0.00600000000000023" classname="data_extract_spec" name="data_extract_spec_allows_both_select_and_filter_parameters_to_be_NULL"/>
    <testcase time="0.00499999999999901" classname="data_extract_spec" name="data_extract_spec_returns_filter_spec_with_multiple_set_to_TRUE"/>
    <testcase time="0.00300000000000011" classname="data_extract_spec" name="data_extract_spec_returns_filter_spec_with_multiple_set_to_TRUE"/>
    <testcase time="0.00600000000000023" classname="data_extract_spec" name="data_extract_spec_returns_filter_spec_with_multiple_set_to_TRUE"/>
    <testcase time="0.00499999999999901" classname="data_extract_spec" name="data_extract_spec_returns_select_spec_with_multiple_set_to_TRUE"/>
    <testcase time="0.00300000000000011" classname="data_extract_spec" name="data_extract_spec_returns_select_spec_with_multiple_set_to_TRUE"/>
    <testcase time="0.00600000000000023" classname="data_extract_spec" name="data_extract_spec_returns_select_spec_with_multiple_set_to_TRUE"/>
    <testcase time="0.00600000000000023" classname="data_extract_spec" name="data_extract_spec_returns_select_spec_with_multiple_set_to_TRUE"/>
    <testcase time="0.00600000000000023" classname="data_extract_spec" name="data_extract_spec_returns_select_spec_with_multiple_set_to_TRUE"/>
    <testcase time="0.00600000000000023" classname="data_extract_spec" name="data_extract_spec_returns_select_spec_with_multiple_set_to_TRUE"/>
    <testcase time="0.00200000000000067" classname="data_extract_spec" name="data_extract_spec_returns_select_spec_with_multiple_set_to_TRUE"/>
    <testcase time="0.0189999999999984" classname="data_extract_spec" name="delayed_data_extract_spec_works_resolve_delayed"/>
    <testcase time="0.00300000000000011" classname="data_extract_spec" name="delayed_data_extract_spec_works_resolve_delayed"/>
    <testcase time="0.00200000000000067" classname="data_extract_spec" name="delayed_data_extract_spec_works_resolve_delayed"/>
    <testcase time="0.00200000000000067" classname="data_extract_spec" name="delayed_data_extract_spec_works_resolve_delayed"/>
    <testcase time="0.00200000000000067" classname="data_extract_spec" name="delayed_data_extract_spec_works_resolve_delayed"/>
    <testcase time="0.00299999999999834" classname="data_extract_spec" name="delayed_data_extract_spec_works_resolve_delayed"/>
    <testcase time="0.00200000000000067" classname="data_extract_spec" name="delayed_data_extract_spec_works_resolve_delayed"/>
    <testcase time="0.00300000000000011" classname="data_extract_spec" name="delayed_data_extract_spec_works_resolve_delayed"/>
    <testcase time="0.0250000000000004" classname="data_extract_spec" name="delayed_data_extract_spec_works_resolve_delayed"/>
    <testcase time="0.00699999999999967" classname="data_extract_spec" name="delayed_data_extract_spec_works_resolve_delayed"/>
    <testcase time="0.016" classname="data_extract_spec" name="delayed_data_extract_spec_works_resolve_delayed"/>
    <testcase time="0.0180000000000007" classname="data_extract_spec" name="delayed_data_extract_spec_works_resolve_delayed"/>
    <testcase time="0.00300000000000011" classname="data_extract_spec" name="delayed_data_extract_spec_works_resolve_delayed"/>
    <testcase time="0.00300000000000011" classname="data_extract_spec" name="delayed_data_extract_spec_works_resolve_delayed"/>
    <testcase time="0.110999999999999" classname="data_extract_spec" name="delayed_version_of_data_extract_spec_resolve_delayed"/>
    <testcase time="0.00300000000000011" classname="data_extract_spec" name="delayed_version_of_data_extract_spec_resolve_delayed"/>
    <testcase time="0.00200000000000067" classname="data_extract_spec" name="delayed_version_of_data_extract_spec_resolve_delayed"/>
    <testcase time="0.0729999999999986" classname="data_extract_spec" name="delayed_version_of_data_extract_spec_resolve_delayed"/>
    <testcase time="0.00300000000000011" classname="data_extract_spec" name="delayed_version_of_data_extract_spec_resolve_delayed"/>
    <testcase time="0.00300000000000011" classname="data_extract_spec" name="delayed_version_of_data_extract_spec_resolve_delayed"/>
  </testsuite>
  <testsuite name="data_extract_srv" timestamp="2023-06-01T18:01:22Z" hostname="0a9863feb5b2" tests="48" skipped="0" failures="0" errors="0" time="1.981">
    <testcase time="0.0460000000000012" classname="data_extract_srv" name="data_extract_srv_accepts_a_FilteredData_object_or_a_list_of_reactive_data_frames_to_datasets"/>
    <testcase time="0.0190000000000001" classname="data_extract_srv" name="data_extract_srv_accepts_a_FilteredData_object_or_a_list_of_reactive_data_frames_to_datasets"/>
    <testcase time="0.0220000000000002" classname="data_extract_srv" name="data_extract_srv_accepts_a_FilteredData_object_or_a_list_of_reactive_data_frames_to_datasets"/>
    <testcase time="0.0229999999999997" classname="data_extract_srv" name="data_extract_srv_accepts_a_FilteredData_object_or_a_list_of_reactive_data_frames_to_datasets"/>
    <testcase time="0.0299999999999994" classname="data_extract_srv" name="data_extract_srv_works_with_join_keys_NULL_default_"/>
    <testcase time="0.0169999999999995" classname="data_extract_srv" name="data_extract_srv_accepts_throws_error_when_join_keys_argument_is_not_a_JoinKeys_object"/>
    <testcase time="0.0419999999999998" classname="data_extract_srv" name="data_extract_srv_returns_a_list_of_elements"/>
    <testcase time="0.00200000000000067" classname="data_extract_srv" name="data_extract_srv_returns_a_list_of_elements"/>
    <testcase time="0.0280000000000005" classname="data_extract_srv" name="data_extract_srv_throws_error_with_missing_arguments"/>
    <testcase time="0.0220000000000002" classname="data_extract_srv" name="data_extract_srv_throws_error_with_missing_arguments"/>
    <testcase time="0.0269999999999992" classname="data_extract_srv" name="data_extract_srv_throws_error_with_wrong_argument_input_type"/>
    <testcase time="0.0240000000000009" classname="data_extract_srv" name="data_extract_srv_throws_error_with_wrong_argument_input_type"/>
    <testcase time="0.0329999999999995" classname="data_extract_srv" name="data_extract_srv_throws_error_with_wrong_argument_input_type"/>
    <testcase time="0.032" classname="data_extract_srv" name="data_extract_srv_throws_error_with_wrong_argument_input_type"/>
    <testcase time="0.0310000000000006" classname="data_extract_srv" name="data_extract_srv_throws_error_with_wrong_argument_input_type"/>
    <testcase time="0.0309999999999988" classname="data_extract_srv" name="data_extract_srv_throws_error_with_wrong_argument_input_type"/>
    <testcase time="0.0310000000000006" classname="data_extract_srv" name="data_extract_srv_throws_error_with_wrong_argument_input_type"/>
    <testcase time="0.0399999999999991" classname="data_extract_srv" name="data_extract_srv_throws_error_with_wrong_argument_input_type"/>
    <testcase time="0.032" classname="data_extract_srv" name="data_extract_srv_uses_the_current_session_id_when_id_is_missing"/>
    <testcase time="0.00200000000000067" classname="data_extract_srv" name="data_extract_srv_uses_the_current_session_id_when_id_is_missing"/>
    <testcase time="0.0670000000000002" classname="data_extract_srv" name="data_extract_srv_returns_select_ordered_according_to_selection"/>
    <testcase time="0.0739999999999998" classname="data_extract_srv" name="data_extract_srv_returns_select_ordered_according_to_selection"/>
    <testcase time="0.00999999999999979" classname="data_extract_srv" name="data_extract_srv_returns_select_ordered_according_to_selection"/>
    <testcase time="0.0440000000000005" classname="data_extract_srv" name="data_extract_srv_returns_select_ordered_according_to_choices"/>
    <testcase time="0.00999999999999979" classname="data_extract_srv" name="data_extract_srv_returns_select_ordered_according_to_choices"/>
    <testcase time="0.00900000000000034" classname="data_extract_srv" name="data_extract_srv_returns_select_ordered_according_to_choices"/>
    <testcase time="0.0570000000000004" classname="data_extract_srv" name="data_extract_srv_with_a_list_of_multiple_data_extract_spec"/>
    <testcase time="0.0109999999999992" classname="data_extract_srv" name="data_extract_srv_with_a_list_of_multiple_data_extract_spec"/>
    <testcase time="0.0139999999999993" classname="data_extract_srv" name="data_extract_srv_with_a_list_of_multiple_data_extract_spec"/>
    <testcase time="0.011000000000001" classname="data_extract_srv" name="data_extract_srv_with_a_list_of_multiple_data_extract_spec"/>
    <testcase time="0.138999999999999" classname="data_extract_srv" name="select_validation"/>
    <testcase time="0.043000000000001" classname="data_extract_srv" name="select_validation"/>
    <testcase time="0.0519999999999996" classname="data_extract_srv" name="select_validation"/>
    <testcase time="0.100999999999999" classname="data_extract_srv" name="validation_only_runs_on_currently_selected_dataset_s_data_extract_spec"/>
    <testcase time="0.103" classname="data_extract_srv" name="validation_only_runs_on_currently_selected_dataset_s_data_extract_spec"/>
    <testcase time="0.0810000000000013" classname="data_extract_srv" name="filter_validation"/>
    <testcase time="0.00600000000000023" classname="data_extract_srv" name="filter_validation"/>
    <testcase time="0.0359999999999996" classname="data_extract_srv" name="filter_validation"/>
    <testcase time="0.0689999999999991" classname="data_extract_srv" name="select_validation_accepts_function_as_validator"/>
    <testcase time="0.00600000000000023" classname="data_extract_srv" name="select_validation_accepts_function_as_validator"/>
    <testcase time="0.043000000000001" classname="data_extract_srv" name="select_validation_accepts_function_as_validator"/>
    <testcase time="0.0839999999999996" classname="data_extract_srv" name="data_extract_multiple_srv_input_validation"/>
    <testcase time="0.125" classname="data_extract_srv" name="data_extract_multiple_srv_input_validation"/>
    <testcase time="0.00600000000000023" classname="data_extract_srv" name="data_extract_multiple_srv_input_validation"/>
    <testcase time="0.0510000000000002" classname="data_extract_srv" name="data_extract_multiple_srv_input_validation"/>
    <testcase time="0.00699999999999967" classname="data_extract_srv" name="data_extract_multiple_srv_input_validation"/>
    <testcase time="0.121" classname="data_extract_srv" name="data_extract_multiple_srv_input_validation"/>
    <testcase time="0.0669999999999984" classname="data_extract_srv" name="data_extract_multiple_srv_input_validation"/>
  </testsuite>
  <testsuite name="data_merge_srv" timestamp="2023-06-01T18:01:24Z" hostname="0a9863feb5b2" tests="22" skipped="0" failures="0" errors="0" time="0.98">
    <testcase time="0.0510000000000002" classname="data_merge_srv" name="data_merge_srv_returns_a_reactive_containing_a_list"/>
    <testcase time="0.365" classname="data_merge_srv" name="data_merge_srv_returns_a_reactive_containing_a_list"/>
    <testcase time="0.00200000000000067" classname="data_merge_srv" name="data_merge_srv_returns_a_reactive_containing_a_list"/>
    <testcase time="0.0670000000000002" classname="data_merge_srv" name="data_merge_srv_data_returns_data.frame_when_passing_1_extract_in_selector_list"/>
    <testcase time="0.00300000000000011" classname="data_merge_srv" name="data_merge_srv_data_returns_data.frame_when_passing_1_extract_in_selector_list"/>
    <testcase time="0.00199999999999889" classname="data_merge_srv" name="data_merge_srv_data_returns_data.frame_when_passing_1_extract_in_selector_list"/>
    <testcase time="0.0240000000000009" classname="data_merge_srv" name="data_merge_srv_throws_error_with_missing_selector_list_and_datasets_arguments"/>
    <testcase time="0.0229999999999997" classname="data_merge_srv" name="data_merge_srv_throws_error_with_missing_selector_list_and_datasets_arguments"/>
    <testcase time="0.0210000000000008" classname="data_merge_srv" name="data_merge_srv_default_merge_function_is_dplyr_full_join"/>
    <testcase time="0.0139999999999993" classname="data_merge_srv" name="data_merge_srv_default_anl_name_is_ANL"/>
    <testcase time="0.0250000000000004" classname="data_merge_srv" name="data_merge_srv_throws_error_when_anl_name_is_not_character_or_using_non_allowed_names"/>
    <testcase time="0.0239999999999991" classname="data_merge_srv" name="data_merge_srv_throws_error_when_anl_name_is_not_character_or_using_non_allowed_names"/>
    <testcase time="0.0240000000000009" classname="data_merge_srv" name="data_merge_srv_throws_error_when_anl_name_is_not_character_or_using_non_allowed_names"/>
    <testcase time="0.032" classname="data_merge_srv" name="data_merge_srv_throws_error_when_anl_name_is_not_character_or_using_non_allowed_names"/>
    <testcase time="0.0239999999999991" classname="data_merge_srv" name="data_merge_srv_throws_error_when_selector_list_is_not_a_list_or_a_reactive"/>
    <testcase time="0.0240000000000009" classname="data_merge_srv" name="data_merge_srv_throws_error_when_selector_list_is_not_a_list_or_a_reactive"/>
    <testcase time="0.0239999999999991" classname="data_merge_srv" name="data_merge_srv_throws_error_selector_list_is_not_named_list"/>
    <testcase time="0.0640000000000001" classname="data_merge_srv" name="data_merge_srv_accepts_reactive_and_character_merge_function"/>
    <testcase time="0.0510000000000002" classname="data_merge_srv" name="data_merge_srv_accepts_reactive_and_character_merge_function"/>
    <testcase time="0.106" classname="data_merge_srv" name="data_merge_srv_returns_merged_data.frame_when_passing_2_extracts_in_selector_list"/>
    <testcase time="0.00699999999999967" classname="data_merge_srv" name="data_merge_srv_returns_merged_data.frame_when_passing_2_extracts_in_selector_list"/>
    <testcase time="0.00300000000000011" classname="data_merge_srv" name="data_merge_srv_returns_merged_data.frame_when_passing_2_extracts_in_selector_list"/>
  </testsuite>
  <testsuite name="delayed_data_extract" timestamp="2023-06-01T18:01:27Z" hostname="0a9863feb5b2" tests="22" skipped="0" failures="0" errors="0" time="10.53">
    <testcase time="2.807" classname="delayed_data_extract" name="Delayed_data_extract_single_data_connector_with_two_scda_dataset_connectors"/>
    <testcase time="0.00100000000000122" classname="delayed_data_extract" name="Delayed_data_extract_single_data_connector_with_two_scda_dataset_connectors"/>
    <testcase time="0.108000000000001" classname="delayed_data_extract" name="Delayed_choices_selected_single_data_connector_with_two_scda_dataset_connectors"/>
    <testcase time="0.161999999999999" classname="delayed_data_extract" name="Delayed_data_extract_filtered"/>
    <testcase time="0.00199999999999889" classname="delayed_data_extract" name="Delayed_data_extract_filtered"/>
    <testcase time="0.245999999999999" classname="delayed_data_extract" name="Delayed_extract_filter_concatenated_single_data_connector_with_two_scda_dataset_connectors"/>
    <testcase time="0.00200000000000244" classname="delayed_data_extract" name="Delayed_extract_filter_concatenated_single_data_connector_with_two_scda_dataset_connectors"/>
    <testcase time="0.306999999999999" classname="delayed_data_extract" name="Delayed_extract_two_filters_single_data_connector_with_two_scda_dataset_connectors"/>
    <testcase time="0.00200000000000244" classname="delayed_data_extract" name="Delayed_extract_two_filters_single_data_connector_with_two_scda_dataset_connectors"/>
    <testcase time="3.012" classname="delayed_data_extract" name="Delayed_extract_TealData_with_single_dataset_and_multiple_connectors"/>
    <testcase time="0.00200000000000244" classname="delayed_data_extract" name="Delayed_extract_TealData_with_single_dataset_and_multiple_connectors"/>
    <testcase time="0.126999999999999" classname="delayed_data_extract" name="Delayed_data_extract_single_data_connector_with_two_scda_dataset_connectors_resolve_delayed"/>
    <testcase time="0.00100000000000122" classname="delayed_data_extract" name="Delayed_data_extract_single_data_connector_with_two_scda_dataset_connectors_resolve_delayed"/>
    <testcase time="0.105" classname="delayed_data_extract" name="Delayed_choices_selected_single_data_connector_with_two_scda_dataset_connectors_resolve_delayed"/>
    <testcase time="0.366" classname="delayed_data_extract" name="Delayed_data_extract_filtered"/>
    <testcase time="0.00199999999999889" classname="delayed_data_extract" name="Delayed_data_extract_filtered"/>
    <testcase time="0.247" classname="delayed_data_extract" name="Delayed_extract_filter_concatenated_single_data_connector_with_two_scda_dataset_connectors_res_delayed"/>
    <testcase time="0.00199999999999889" classname="delayed_data_extract" name="Delayed_extract_filter_concatenated_single_data_connector_with_two_scda_dataset_connectors_res_delayed"/>
    <testcase time="0.337" classname="delayed_data_extract" name="Delayed_extract_two_filters_single_data_connector_with_two_scda_dataset_connectors_resolve_delayed"/>
    <testcase time="0.00300000000000011" classname="delayed_data_extract" name="Delayed_extract_two_filters_single_data_connector_with_two_scda_dataset_connectors_resolve_delayed"/>
    <testcase time="2.687" classname="delayed_data_extract" name="Delayed_extract_TealData_with_single_dataset_and_multiple_connectors_resolve_delayed"/>
    <testcase time="0.00199999999999889" classname="delayed_data_extract" name="Delayed_extract_TealData_with_single_dataset_and_multiple_connectors_resolve_delayed"/>
  </testsuite>
  <testsuite name="dplyr_call_examples" timestamp="2023-06-01T18:01:35Z" hostname="0a9863feb5b2" tests="129" skipped="0" failures="0" errors="0" time="1.526">
    <testcase time="0.0330000000000013" classname="dplyr_call_examples" name="Different_join_types"/>
    <testcase time="0.00499999999999901" classname="dplyr_call_examples" name="Different_join_types"/>
    <testcase time="0.00700000000000145" classname="dplyr_call_examples" name="Different_join_types"/>
    <testcase time="0.00900000000000034" classname="dplyr_call_examples" name="Different_join_types"/>
    <testcase time="0.00900000000000034" classname="dplyr_call_examples" name="Different_join_types"/>
    <testcase time="0.00499999999999901" classname="dplyr_call_examples" name="Single_wide_dataset"/>
    <testcase time="0.00300000000000011" classname="dplyr_call_examples" name="Single_wide_dataset"/>
    <testcase time="0.00400000000000134" classname="dplyr_call_examples" name="Single_wide_dataset"/>
    <testcase time="0.00199999999999889" classname="dplyr_call_examples" name="Single_wide_dataset"/>
    <testcase time="0.00499999999999901" classname="dplyr_call_examples" name="Single_wide_dataset"/>
    <testcase time="0.00300000000000011" classname="dplyr_call_examples" name="Single_wide_dataset"/>
    <testcase time="0.00499999999999901" classname="dplyr_call_examples" name="Single_wide_dataset"/>
    <testcase time="0.00200000000000244" classname="dplyr_call_examples" name="Single_wide_dataset"/>
    <testcase time="0.00600000000000023" classname="dplyr_call_examples" name="Single_wide_dataset"/>
    <testcase time="0.00199999999999889" classname="dplyr_call_examples" name="Single_wide_dataset"/>
    <testcase time="0.00600000000000023" classname="dplyr_call_examples" name="Single_wide_dataset"/>
    <testcase time="0.00300000000000011" classname="dplyr_call_examples" name="Single_wide_dataset"/>
    <testcase time="0.00499999999999901" classname="dplyr_call_examples" name="Single_wide_dataset"/>
    <testcase time="0.00300000000000011" classname="dplyr_call_examples" name="Single_wide_dataset"/>
    <testcase time="0.00400000000000134" classname="dplyr_call_examples" name="Single_wide_dataset"/>
    <testcase time="0.00300000000000011" classname="dplyr_call_examples" name="Single_wide_dataset"/>
    <testcase time="0.00499999999999901" classname="dplyr_call_examples" name="Single_wide_dataset"/>
    <testcase time="0.00300000000000011" classname="dplyr_call_examples" name="Single_wide_dataset"/>
    <testcase time="0.0129999999999981" classname="dplyr_call_examples" name="Multiple_wide_dataset"/>
    <testcase time="0.00600000000000023" classname="dplyr_call_examples" name="Multiple_wide_dataset"/>
    <testcase time="0.0110000000000028" classname="dplyr_call_examples" name="Multiple_wide_dataset"/>
    <testcase time="0.00600000000000023" classname="dplyr_call_examples" name="Multiple_wide_dataset"/>
    <testcase time="0.0239999999999974" classname="dplyr_call_examples" name="Multiple_wide_dataset"/>
    <testcase time="0.0100000000000016" classname="dplyr_call_examples" name="Multiple_wide_dataset"/>
    <testcase time="0.0389999999999979" classname="dplyr_call_examples" name="Multiple_wide_dataset"/>
    <testcase time="0.00900000000000034" classname="dplyr_call_examples" name="Multiple_wide_dataset"/>
    <testcase time="0.0240000000000009" classname="dplyr_call_examples" name="Multiple_wide_dataset"/>
    <testcase time="0.00900000000000034" classname="dplyr_call_examples" name="Multiple_wide_dataset"/>
    <testcase time="0.00799999999999912" classname="dplyr_call_examples" name="Single_long_dataset"/>
    <testcase time="0.00199999999999889" classname="dplyr_call_examples" name="Single_long_dataset"/>
    <testcase time="0.00600000000000023" classname="dplyr_call_examples" name="Single_long_dataset"/>
    <testcase time="0.00199999999999889" classname="dplyr_call_examples" name="Single_long_dataset"/>
    <testcase time="0.00600000000000023" classname="dplyr_call_examples" name="Single_long_dataset"/>
    <testcase time="0.00300000000000011" classname="dplyr_call_examples" name="Single_long_dataset"/>
    <testcase time="0.00600000000000023" classname="dplyr_call_examples" name="Single_long_dataset"/>
    <testcase time="0.00200000000000244" classname="dplyr_call_examples" name="Single_long_dataset"/>
    <testcase time="0.0159999999999982" classname="dplyr_call_examples" name="Single_long_dataset"/>
    <testcase time="0.00799999999999912" classname="dplyr_call_examples" name="Single_long_dataset"/>
    <testcase time="0.0150000000000006" classname="dplyr_call_examples" name="Single_long_dataset"/>
    <testcase time="0.00799999999999912" classname="dplyr_call_examples" name="Single_long_dataset"/>
    <testcase time="0.0140000000000029" classname="dplyr_call_examples" name="Single_long_dataset"/>
    <testcase time="0.0069999999999979" classname="dplyr_call_examples" name="Single_long_dataset"/>
    <testcase time="0.0160000000000018" classname="dplyr_call_examples" name="Single_long_dataset"/>
    <testcase time="0.0069999999999979" classname="dplyr_call_examples" name="Single_long_dataset"/>
    <testcase time="0.0150000000000006" classname="dplyr_call_examples" name="Single_long_dataset"/>
    <testcase time="0.00799999999999912" classname="dplyr_call_examples" name="Single_long_dataset"/>
    <testcase time="0.0350000000000001" classname="dplyr_call_examples" name="Single_long_dataset"/>
    <testcase time="0.0199999999999996" classname="dplyr_call_examples" name="Single_long_dataset"/>
    <testcase time="0.00800000000000267" classname="dplyr_call_examples" name="Single_long_dataset"/>
    <testcase time="0.00300000000000011" classname="dplyr_call_examples" name="Single_long_dataset"/>
    <testcase time="0.00300000000000011" classname="dplyr_call_examples" name="Single_long_dataset"/>
    <testcase time="0.0069999999999979" classname="dplyr_call_examples" name="Single_long_dataset"/>
    <testcase time="0.00300000000000011" classname="dplyr_call_examples" name="Single_long_dataset"/>
    <testcase time="0.00300000000000011" classname="dplyr_call_examples" name="Single_long_dataset"/>
    <testcase time="0.00700000000000145" classname="dplyr_call_examples" name="Single_long_dataset"/>
    <testcase time="0.00300000000000011" classname="dplyr_call_examples" name="Single_long_dataset"/>
    <testcase time="0.00300000000000011" classname="dplyr_call_examples" name="Single_long_dataset"/>
    <testcase time="0.00900000000000034" classname="dplyr_call_examples" name="Single_long_dataset"/>
    <testcase time="0.00300000000000011" classname="dplyr_call_examples" name="Single_long_dataset"/>
    <testcase time="0.00300000000000011" classname="dplyr_call_examples" name="Single_long_dataset"/>
    <testcase time="0.0189999999999984" classname="dplyr_call_examples" name="Single_long_dataset"/>
    <testcase time="0.00300000000000011" classname="dplyr_call_examples" name="Single_long_dataset"/>
    <testcase time="0.00900000000000034" classname="dplyr_call_examples" name="Single_long_dataset"/>
    <testcase time="0.0180000000000007" classname="dplyr_call_examples" name="Single_long_dataset"/>
    <testcase time="0.00399999999999778" classname="dplyr_call_examples" name="Single_long_dataset"/>
    <testcase time="0.00800000000000267" classname="dplyr_call_examples" name="Single_long_dataset"/>
    <testcase time="0.0179999999999971" classname="dplyr_call_examples" name="Single_long_dataset"/>
    <testcase time="0.00300000000000011" classname="dplyr_call_examples" name="Single_long_dataset"/>
    <testcase time="0.00900000000000034" classname="dplyr_call_examples" name="Single_long_dataset"/>
    <testcase time="0.0400000000000027" classname="dplyr_call_examples" name="Single_long_dataset"/>
    <testcase time="0.00400000000000134" classname="dplyr_call_examples" name="Single_long_dataset"/>
    <testcase time="0.0159999999999982" classname="dplyr_call_examples" name="Single_long_dataset"/>
    <testcase time="0.0640000000000001" classname="dplyr_call_examples" name="Single_long_dataset"/>
    <testcase time="0.00500000000000256" classname="dplyr_call_examples" name="Single_long_dataset"/>
    <testcase time="0.0189999999999984" classname="dplyr_call_examples" name="Single_long_dataset"/>
    <testcase time="0.00900000000000034" classname="dplyr_call_examples" name="Single_long_dataset"/>
    <testcase time="0.00300000000000011" classname="dplyr_call_examples" name="Single_long_dataset"/>
    <testcase time="0.00400000000000134" classname="dplyr_call_examples" name="Single_long_dataset"/>
    <testcase time="0.0349999999999966" classname="dplyr_call_examples" name="Single_long_dataset"/>
    <testcase time="0.0140000000000029" classname="dplyr_call_examples" name="Single_long_dataset"/>
    <testcase time="0.0069999999999979" classname="dplyr_call_examples" name="Single_long_dataset"/>
    <testcase time="0.00300000000000011" classname="dplyr_call_examples" name="Single_long_dataset"/>
    <testcase time="0.041999999999998" classname="dplyr_call_examples" name="Single_long_dataset"/>
    <testcase time="0.017000000000003" classname="dplyr_call_examples" name="Single_long_dataset"/>
    <testcase time="0.0139999999999993" classname="dplyr_call_examples" name="Multiple_long_datasets"/>
    <testcase time="0.0069999999999979" classname="dplyr_call_examples" name="Multiple_long_datasets"/>
    <testcase time="0.0130000000000017" classname="dplyr_call_examples" name="Multiple_long_datasets"/>
    <testcase time="0.00799999999999912" classname="dplyr_call_examples" name="Multiple_long_datasets"/>
    <testcase time="0.0150000000000006" classname="dplyr_call_examples" name="Multiple_long_datasets"/>
    <testcase time="0.00799999999999912" classname="dplyr_call_examples" name="Multiple_long_datasets"/>
    <testcase time="0.0160000000000018" classname="dplyr_call_examples" name="Multiple_long_datasets"/>
    <testcase time="0.00900000000000034" classname="dplyr_call_examples" name="Multiple_long_datasets"/>
    <testcase time="0.0209999999999972" classname="dplyr_call_examples" name="Multiple_long_datasets"/>
    <testcase time="0.00700000000000145" classname="dplyr_call_examples" name="Multiple_long_datasets"/>
    <testcase time="0.0159999999999982" classname="dplyr_call_examples" name="Multiple_long_datasets"/>
    <testcase time="0.00400000000000134" classname="dplyr_call_examples" name="Multiple_long_datasets"/>
    <testcase time="0.00799999999999912" classname="dplyr_call_examples" name="Multiple_long_datasets"/>
    <testcase time="0.0169999999999995" classname="dplyr_call_examples" name="Multiple_long_datasets"/>
    <testcase time="0.00400000000000134" classname="dplyr_call_examples" name="Multiple_long_datasets"/>
    <testcase time="0.00999999999999801" classname="dplyr_call_examples" name="Multiple_long_datasets"/>
    <testcase time="0.032" classname="dplyr_call_examples" name="Multiple_long_datasets"/>
    <testcase time="0.00400000000000134" classname="dplyr_call_examples" name="Multiple_long_datasets"/>
    <testcase time="0.0139999999999993" classname="dplyr_call_examples" name="Multiple_long_datasets"/>
    <testcase time="0.0600000000000023" classname="dplyr_call_examples" name="Multiple_long_datasets"/>
    <testcase time="0.00599999999999667" classname="dplyr_call_examples" name="Multiple_long_datasets"/>
    <testcase time="0.0190000000000019" classname="dplyr_call_examples" name="Multiple_long_datasets"/>
    <testcase time="0.0389999999999979" classname="dplyr_call_examples" name="Multiple_long_datasets"/>
    <testcase time="0.0120000000000005" classname="dplyr_call_examples" name="Multiple_long_datasets"/>
    <testcase time="0.0160000000000018" classname="dplyr_call_examples" name="Multiple_long_datasets"/>
    <testcase time="0.00499999999999901" classname="dplyr_call_examples" name="Multiple_long_datasets"/>
    <testcase time="0.00799999999999912" classname="dplyr_call_examples" name="Multiple_long_datasets"/>
    <testcase time="0.0190000000000019" classname="dplyr_call_examples" name="Multiple_long_combined_concatenated_filters"/>
    <testcase time="0.00399999999999778" classname="dplyr_call_examples" name="Multiple_long_combined_concatenated_filters"/>
    <testcase time="0.00900000000000034" classname="dplyr_call_examples" name="Multiple_long_combined_concatenated_filters"/>
    <testcase time="0.0160000000000018" classname="dplyr_call_examples" name="Multiple_long_combined_concatenated_filters"/>
    <testcase time="0.00399999999999778" classname="dplyr_call_examples" name="Multiple_long_combined_concatenated_filters"/>
    <testcase time="0.00900000000000034" classname="dplyr_call_examples" name="Multiple_long_combined_concatenated_filters"/>
    <testcase time="0.0340000000000025" classname="dplyr_call_examples" name="Multiple_long_combined_concatenated_filters"/>
    <testcase time="0.0139999999999993" classname="dplyr_call_examples" name="Multiple_long_combined_concatenated_filters"/>
    <testcase time="0.0360000000000014" classname="dplyr_call_examples" name="Multiple_long_combined_concatenated_filters"/>
    <testcase time="0.0139999999999993" classname="dplyr_call_examples" name="Multiple_long_combined_concatenated_filters"/>
    <testcase time="0.0169999999999995" classname="dplyr_call_examples" name="Multiple_long_combined_concatenated_filters"/>
    <testcase time="0.0169999999999995" classname="dplyr_call_examples" name="Multiple_long_combined_concatenated_filters"/>
    <testcase time="0.0259999999999998" classname="dplyr_call_examples" name="Universal_example"/>
  </testsuite>
  <testsuite name="filter_spec" timestamp="2023-06-01T18:01:37Z" hostname="0a9863feb5b2" tests="83" skipped="0" failures="0" errors="0" time="5.569">
    <testcase time="0.0199999999999996" classname="filter_spec" name="Proper_argument_types"/>
    <testcase time="0.00900000000000034" classname="filter_spec" name="Proper_argument_types"/>
    <testcase time="0.0100000000000016" classname="filter_spec" name="Proper_argument_types"/>
    <testcase time="0.00799999999999912" classname="filter_spec" name="Proper_argument_types"/>
    <testcase time="0.00900000000000034" classname="filter_spec" name="Proper_argument_types"/>
    <testcase time="0.00900000000000034" classname="filter_spec" name="Proper_argument_types"/>
    <testcase time="0.00799999999999912" classname="filter_spec" name="Proper_argument_types"/>
    <testcase time="0.00999999999999801" classname="filter_spec" name="Proper_argument_types"/>
    <testcase time="0.00900000000000034" classname="filter_spec" name="Proper_argument_types"/>
    <testcase time="0.00800000000000267" classname="filter_spec" name="Proper_argument_types"/>
    <testcase time="0.00900000000000034" classname="filter_spec" name="Proper_argument_types"/>
    <testcase time="0.00599999999999667" classname="filter_spec" name="Single_choice"/>
    <testcase time="0.00200000000000244" classname="filter_spec" name="Single_choice"/>
    <testcase time="0.00199999999999889" classname="filter_spec" name="Single_choice"/>
    <testcase time="0.00199999999999889" classname="filter_spec" name="Single_choice"/>
    <testcase time="0.00500000000000256" classname="filter_spec" name="Single_choice"/>
    <testcase time="0.00199999999999889" classname="filter_spec" name="Single_choice"/>
    <testcase time="0.0109999999999992" classname="filter_spec" name="Multiple_choices"/>
    <testcase time="0.00400000000000134" classname="filter_spec" name="Multiple_choices"/>
    <testcase time="0.00399999999999778" classname="filter_spec" name="Multiple_choices"/>
    <testcase time="0.00200000000000244" classname="filter_spec" name="Multiple_choices"/>
    <testcase time="0.00499999999999901" classname="filter_spec" name="Multiple_choices"/>
    <testcase time="0.00199999999999889" classname="filter_spec" name="Multiple_choices"/>
    <testcase time="0.00200000000000244" classname="filter_spec" name="Multiple_choices"/>
    <testcase time="0.0109999999999992" classname="filter_spec" name="Multiple_vars"/>
    <testcase time="0.00900000000000034" classname="filter_spec" name="Multiple_vars"/>
    <testcase time="0.00999999999999801" classname="filter_spec" name="Multiple_vars"/>
    <testcase time="0.00400000000000134" classname="filter_spec" name="Multiple_vars"/>
    <testcase time="0.00400000000000134" classname="filter_spec" name="Multiple_vars"/>
    <testcase time="0.00399999999999778" classname="filter_spec" name="Multiple_vars"/>
    <testcase time="0.00200000000000244" classname="filter_spec" name="Multiple_vars"/>
    <testcase time="0.00499999999999901" classname="filter_spec" name="Multiple_vars"/>
    <testcase time="0.00300000000000011" classname="filter_spec" name="Multiple_vars"/>
    <testcase time="0.00199999999999889" classname="filter_spec" name="Multiple_vars"/>
    <testcase time="0.00199999999999889" classname="filter_spec" name="Multiple_vars"/>
    <testcase time="0.00200000000000244" classname="filter_spec" name="Multiple_vars"/>
    <testcase time="0.00499999999999901" classname="filter_spec" name="Multiple_vars"/>
    <testcase time="0.00400000000000134" classname="filter_spec" name="Multiple_vars"/>
    <testcase time="0.00199999999999889" classname="filter_spec" name="Multiple_vars"/>
    <testcase time="0.00199999999999889" classname="filter_spec" name="Multiple_vars"/>
    <testcase time="0.00200000000000244" classname="filter_spec" name="Multiple_vars"/>
    <testcase time="0.00600000000000023" classname="filter_spec" name="Multiple_vars"/>
    <testcase time="0.00299999999999656" classname="filter_spec" name="Multiple_vars"/>
    <testcase time="0.0140000000000029" classname="filter_spec" name="Dropping_keys_attribute"/>
    <testcase time="0.0069999999999979" classname="filter_spec" name="Dropping_keys_attribute"/>
    <testcase time="0.00400000000000134" classname="filter_spec" name="Dropping_keys_attribute"/>
    <testcase time="0.00600000000000023" classname="filter_spec" name="Dropping_keys_attribute"/>
    <testcase time="0.0139999999999993" classname="filter_spec" name="delayed_filter_spec"/>
    <testcase time="0.0249999999999986" classname="filter_spec" name="delayed_filter_spec"/>
    <testcase time="0.00500000000000256" classname="filter_spec" name="filter_spec_with_choices_selected_where_all_selected_in_choices_does_not_throw_an_error"/>
    <testcase time="0.00600000000000023" classname="filter_spec" name="filter_spec_internal"/>
    <testcase time="0.00300000000000011" classname="filter_spec" name="filter_spec_internal"/>
    <testcase time="0.00399999999999778" classname="filter_spec" name="filter_spec_internal"/>
    <testcase time="2.43" classname="filter_spec" name="filter_spec_internal_contains_dataname"/>
    <testcase time="0.00300000000000011" classname="filter_spec" name="filter_spec_internal_contains_dataname"/>
    <testcase time="0.00600000000000023" classname="filter_spec" name="delayed_filter_spec_works"/>
    <testcase time="0.00300000000000011" classname="filter_spec" name="delayed_filter_spec_works"/>
    <testcase time="0.00499999999999901" classname="filter_spec" name="delayed_filter_spec_works"/>
    <testcase time="0.00700000000000145" classname="filter_spec" name="delayed_filter_spec_works"/>
    <testcase time="2.416" classname="filter_spec" name="delayed_version_of_filter_spec"/>
    <testcase time="0.054000000000002" classname="filter_spec" name="delayed_version_of_filter_spec"/>
    <testcase time="0.00300000000000011" classname="filter_spec" name="delayed_version_of_filter_spec"/>
    <testcase time="0.00399999999999778" classname="filter_spec" name="delayed_version_of_filter_spec"/>
    <testcase time="0.0069999999999979" classname="filter_spec" name="delayed_version_of_filter_spec"/>
    <testcase time="0.0320000000000036" classname="filter_spec" name="delayed_version_of_filter_spec"/>
    <testcase time="0.00300000000000011" classname="filter_spec" name="delayed_version_of_filter_spec"/>
    <testcase time="0.00300000000000011" classname="filter_spec" name="delayed_version_of_filter_spec"/>
    <testcase time="0.0069999999999979" classname="filter_spec" name="all_choices_passed_to_selected_identical_to_all_choices"/>
    <testcase time="0.0150000000000006" classname="filter_spec" name="delayed_filter_spec_resolve_delayed"/>
    <testcase time="0.0360000000000014" classname="filter_spec" name="delayed_filter_spec_resolve_delayed"/>
    <testcase time="0.00499999999999545" classname="filter_spec" name="filter_spec_with_choices_selected_where_all_selected_in_choices_does_not_throw_an_error_resolve_delayed"/>
    <testcase time="0.00600000000000023" classname="filter_spec" name="delayed_filter_spec_works_resolve_delayed"/>
    <testcase time="0.00300000000000011" classname="filter_spec" name="delayed_filter_spec_works_resolve_delayed"/>
    <testcase time="0.0140000000000029" classname="filter_spec" name="delayed_filter_spec_works_resolve_delayed"/>
    <testcase time="0.00999999999999801" classname="filter_spec" name="delayed_filter_spec_works_resolve_delayed"/>
    <testcase time="0.0549999999999997" classname="filter_spec" name="delayed_version_of_filter_spec_resolve_delayed"/>
    <testcase time="0.0590000000000046" classname="filter_spec" name="delayed_version_of_filter_spec_resolve_delayed"/>
    <testcase time="0.00300000000000011" classname="filter_spec" name="delayed_version_of_filter_spec_resolve_delayed"/>
    <testcase time="0.00399999999999778" classname="filter_spec" name="delayed_version_of_filter_spec_resolve_delayed"/>
    <testcase time="0.00800000000000267" classname="filter_spec" name="delayed_version_of_filter_spec_resolve_delayed"/>
    <testcase time="0.0329999999999941" classname="filter_spec" name="delayed_version_of_filter_spec_resolve_delayed"/>
    <testcase time="0.00300000000000011" classname="filter_spec" name="delayed_version_of_filter_spec_resolve_delayed"/>
    <testcase time="0.00400000000000489" classname="filter_spec" name="delayed_version_of_filter_spec_resolve_delayed"/>
  </testsuite>
  <testsuite name="format_data_extract" timestamp="2023-06-01T18:01:42Z" hostname="0a9863feb5b2" tests="5" skipped="1" failures="0" errors="0" time="0.068">
    <testcase time="0.00999999999999801" classname="format_data_extract" name="format_data_extract_is_a_function_that_accepts_a_list"/>
    <testcase time="0.00999999999999801" classname="format_data_extract" name="format_data_extract_asserts_its_argument_has_required_names"/>
    <testcase time="0.00400000000000489" classname="format_data_extract" name="format_data_extract_returns_a_string_representation_of_the_extracted_data"/>
    <testcase time="0.0399999999999991" classname="format_data_extract" name="format_data_extract_integrates_with_data_extract_srv"/>
    <testcase time="0.00399999999999778" classname="format_data_extract" name="format_data_extract_integrates_with_data_extract_srv_and_the_filtered_data_object">
      <skipped message="Reason: testing depth 1 is below current testing specification 4 ('test-format_data_extract.R:55:3')"/>
    </testcase>
  </testsuite>
  <testsuite name="get_dplyr_call" timestamp="2023-06-01T18:01:43Z" hostname="0a9863feb5b2" tests="23" skipped="0" failures="0" errors="0" time="0.218">
    <testcase time="0.0489999999999995" classname="get_dplyr_call" name="get_select_call"/>
    <testcase time="0.00200000000000244" classname="get_dplyr_call" name="get_select_call"/>
    <testcase time="0.00199999999999534" classname="get_dplyr_call" name="get_select_call"/>
    <testcase time="0.00400000000000489" classname="get_dplyr_call" name="get_filter_call"/>
    <testcase time="0.00300000000000011" classname="get_dplyr_call" name="get_filter_call"/>
    <testcase time="0.00399999999999778" classname="get_dplyr_call" name="get_filter_call"/>
    <testcase time="0.00200000000000244" classname="get_dplyr_call" name="get_filter_call"/>
    <testcase time="0.0150000000000006" classname="get_dplyr_call" name="get_rename_call"/>
    <testcase time="0.0389999999999944" classname="get_dplyr_call" name="get_rename_call"/>
    <testcase time="0.0130000000000052" classname="get_dplyr_call" name="get_rename_call"/>
    <testcase time="0.0129999999999981" classname="get_dplyr_call" name="get_rename_call"/>
    <testcase time="0.0069999999999979" classname="get_dplyr_call" name="get_reshape_call"/>
    <testcase time="0.00500000000000256" classname="get_dplyr_call" name="get_reshape_call"/>
    <testcase time="0.00600000000000023" classname="get_dplyr_call" name="get_dplyr_call_single_filter_and_single_select"/>
    <testcase time="0.00499999999999545" classname="get_dplyr_call" name="get_dplyr_call_single_filter_and_single_select"/>
    <testcase time="0.007000000000005" classname="get_dplyr_call" name="get_dplyr_call_single_filter_and_single_select"/>
    <testcase time="0.00499999999999545" classname="get_dplyr_call" name="get_dplyr_call_single_filter_and_single_select"/>
    <testcase time="0.00500000000000256" classname="get_dplyr_call" name="get_dplyr_call_single_filter_and_single_select"/>
    <testcase time="0.00500000000000256" classname="get_dplyr_call" name="get_dplyr_call_single_filter_and_single_select"/>
    <testcase time="0.00499999999999545" classname="get_dplyr_call" name="get_dplyr_call_single_filter_and_single_select"/>
    <testcase time="0.00900000000000034" classname="get_dplyr_call" name="get_dplyr_call_multiple_filter_s_or_multiple_select_s_"/>
    <testcase time="0.007000000000005" classname="get_dplyr_call" name="get_dplyr_call_multiple_filter_s_or_multiple_select_s_"/>
    <testcase time="0.00599999999999312" classname="get_dplyr_call" name="get_dplyr_call_multiple_filter_s_or_multiple_select_s_"/>
  </testsuite>
  <testsuite name="get_filter_call-datasets" timestamp="2023-06-01T18:01:43Z" hostname="0a9863feb5b2" tests="17" skipped="0" failures="0" errors="0" time="0.121">
    <testcase time="0.0180000000000007" classname="get_filter_call_datasets" name="get_filter_call_throws_error_if_dataset_is_not_a_named_list_of_reactives"/>
    <testcase time="0.00600000000000023" classname="get_filter_call_datasets" name="get_filter_call_data_NAs_and_one_column_one_selection"/>
    <testcase time="0.00500000000000256" classname="get_filter_call_datasets" name="get_filter_call_data_NAs_and_one_column_two_selections"/>
    <testcase time="0.00600000000000023" classname="get_filter_call_datasets" name="get_filter_call_data_NAs_and_two_columns"/>
    <testcase time="0.00500000000000256" classname="get_filter_call_datasets" name="get_filter_call_data_some_of_factor_levels_and_integer"/>
    <testcase time="0.00499999999999545" classname="get_filter_call_datasets" name="get_filter_call_data_trunc_POSIX_and_single_column"/>
    <testcase time="0.00600000000000023" classname="get_filter_call_datasets" name="get_filter_call_data_trunc_POSIX_and_two_columns"/>
    <testcase time="0.00600000000000023" classname="get_filter_call_datasets" name="get_filter_call_data_SEX_and_two_columns_SEX_variable_is_still_there"/>
    <testcase time="0.00600000000000023" classname="get_filter_call_datasets" name="get_filter_call_data_three_columns"/>
    <testcase time="0.00500000000000256" classname="get_filter_call_datasets" name="get_filter_call_data_non_empty_filter_as_NA_is_not_selected_and_there_are_missings"/>
    <testcase time="0.00399999999999778" classname="get_filter_call_datasets" name="get_filter_call_FALSE_if_empty_selection_for_single"/>
    <testcase time="0.00600000000000023" classname="get_filter_call_datasets" name="get_filter_call_data_all_factor_levels_and_integer"/>
    <testcase time="0.00800000000000267" classname="get_filter_call_datasets" name="get_filter_call_data_empty_filter_as_all_levels_and_NA_for_DCSREAS_are_selected"/>
    <testcase time="0.00900000000000034" classname="get_filter_call_datasets" name="get_filter_call_data_empty_as_all_levels_for_SEX_are_selected_no_missings"/>
    <testcase time="0.00799999999999557" classname="get_filter_call_datasets" name="get_filter_call_skip_if_all_selected_for_single_variable"/>
    <testcase time="0.00900000000000034" classname="get_filter_call_datasets" name="get_filter_call_skip_if_all_selected_for_multiple_variables"/>
    <testcase time="0.00900000000000034" classname="get_filter_call_datasets" name="get_filter_call_skip_if_all_selected_for_multiple_variables_3_vars"/>
  </testsuite>
  <testsuite name="input_checks" timestamp="2023-06-01T18:01:43Z" hostname="0a9863feb5b2" tests="5" skipped="0" failures="0" errors="0" time="0.04">
    <testcase time="0.0159999999999982" classname="input_checks" name="check_no_multiple_selection_works"/>
    <testcase time="0.00900000000000034" classname="input_checks" name="check_no_multiple_selection_works"/>
    <testcase time="0.00600000000000023" classname="input_checks" name="check_no_multiple_selection_works"/>
    <testcase time="0.00400000000000489" classname="input_checks" name="list_extract_spec_works"/>
    <testcase time="0.00499999999999545" classname="input_checks" name="list_extract_spec_works"/>
  </testsuite>
  <testsuite name="merge_expression_module" timestamp="2023-06-01T18:01:43Z" hostname="0a9863feb5b2" tests="7" skipped="0" failures="0" errors="0" time="0.155">
    <testcase time="0.0260000000000034" classname="merge_expression_module" name="merge_expression_module_accepts_a_list_of_data_extract_spec_a_list_of_reactive_data_frames_and_a_join_keys"/>
    <testcase time="0.0219999999999985" classname="merge_expression_module" name="merge_expression_module_returns_a_reactive_containing_a_list"/>
    <testcase time="0.0559999999999974" classname="merge_expression_module" name="merge_expression_module_returns_a_reactive_containing_a_list"/>
    <testcase time="0.00300000000000011" classname="merge_expression_module" name="merge_expression_module_returns_a_reactive_containing_a_list"/>
    <testcase time="0.0140000000000029" classname="merge_expression_module" name="merge_expression_module_works_if_list_some_elements_of_the_list_are_NULL"/>
    <testcase time="0.0180000000000007" classname="merge_expression_module" name="merge_expression_module_throws_error_if_data_extract_is_not_a_list_of_data_extract_spec"/>
    <testcase time="0.0159999999999982" classname="merge_expression_module" name="merge_expression_module_throws_error_if_data_extract_is_not_a_named_list"/>
  </testsuite>
  <testsuite name="merge_expression_srv" timestamp="2023-06-01T18:01:43Z" hostname="0a9863feb5b2" tests="24" skipped="0" failures="0" errors="0" time="0.474">
    <testcase time="0.027000000000001" classname="merge_expression_srv" name="merge_expression_srv_returns_a_reactive_containing_a_list"/>
    <testcase time="0.00999999999999801" classname="merge_expression_srv" name="merge_expression_srv_returns_a_reactive_containing_a_list"/>
    <testcase time="0.00100000000000477" classname="merge_expression_srv" name="merge_expression_srv_returns_a_reactive_containing_a_list"/>
    <testcase time="0.0239999999999938" classname="merge_expression_srv" name="merge_expression_srv_throws_error_with_missing_selector_list_and_datasets_arguments"/>
    <testcase time="0.0220000000000056" classname="merge_expression_srv" name="merge_expression_srv_throws_error_with_missing_selector_list_and_datasets_arguments"/>
    <testcase time="0.0129999999999981" classname="merge_expression_srv" name="merge_expression_srv_default_merge_function_is_dplyr_full_join"/>
    <testcase time="0.0120000000000005" classname="merge_expression_srv" name="merge_expression_srv_default_anl_name_is_ANL"/>
    <testcase time="0.0120000000000005" classname="merge_expression_srv" name="merge_expression_srv_default_anl_name_is_ANL"/>
    <testcase time="0.0279999999999987" classname="merge_expression_srv" name="merge_expression_srv_throws_error_when_anl_name_is_not_character_or_using_non_allowed_names"/>
    <testcase time="0.027000000000001" classname="merge_expression_srv" name="merge_expression_srv_throws_error_when_anl_name_is_not_character_or_using_non_allowed_names"/>
    <testcase time="0.0360000000000014" classname="merge_expression_srv" name="merge_expression_srv_throws_error_when_anl_name_is_not_character_or_using_non_allowed_names"/>
    <testcase time="0.0240000000000009" classname="merge_expression_srv" name="merge_expression_srv_throws_error_when_anl_name_is_not_character_or_using_non_allowed_names"/>
    <testcase time="0.0229999999999961" classname="merge_expression_srv" name="merge_expression_srv_throws_error_selector_list_is_not_a_list_or_a_reactive"/>
    <testcase time="0.0230000000000032" classname="merge_expression_srv" name="merge_expression_srv_throws_error_selector_list_is_not_a_list_or_a_reactive"/>
    <testcase time="0.0229999999999961" classname="merge_expression_srv" name="merge_expression_srv_throws_error_if_selector_list_is_not_named_list"/>
    <testcase time="0.0210000000000008" classname="merge_expression_srv" name="merge_expression_srv_accepts_reactive_and_character_merge_function"/>
    <testcase time="0.0159999999999982" classname="merge_expression_srv" name="merge_expression_srv_accepts_reactive_and_character_merge_function"/>
    <testcase time="0.0300000000000011" classname="merge_expression_srv" name="merge_expression_srv_returns_merge_expression_when_passing_2_extracts_in_selector_list"/>
    <testcase time="0.00600000000000023" classname="merge_expression_srv" name="merge_expression_srv_returns_merge_expression_when_passing_2_extracts_in_selector_list"/>
    <testcase time="0.00200000000000244" classname="merge_expression_srv" name="merge_expression_srv_returns_merge_expression_when_passing_2_extracts_in_selector_list"/>
    <testcase time="0.0289999999999964" classname="merge_expression_srv" name="merge_expression_srv_throws_error_if_datasets_is_not_a_named_list"/>
    <testcase time="0.0279999999999987" classname="merge_expression_srv" name="merge_expression_srv_throws_error_if_join_keys_is_not_a_JoinKeys_object"/>
    <testcase time="0.0130000000000052" classname="merge_expression_srv" name="merge_expression_srv_accepts_a_list_of_reactive_data.frames_for_datasets_argument"/>
    <testcase time="0.0240000000000009" classname="merge_expression_srv" name="merge_expression_srv_accepts_a_list_of_reactive_data.frames_for_datasets_argument"/>
  </testsuite>
  <testsuite name="merge_utils" timestamp="2023-06-01T18:01:44Z" hostname="0a9863feb5b2" tests="36" skipped="0" failures="0" errors="0" time="0.181">
    <testcase time="0.0129999999999981" classname="merge_utils" name="merge_selectors_makes_no_changes_when_single_selector_is_provided"/>
    <testcase time="0.00399999999999778" classname="merge_utils" name="merge_selectors_combines_two_selectors_into_one_if_dataname_filters_keys_reshape_are_identical"/>
    <testcase time="0.00399999999999778" classname="merge_utils" name="merge_selectors_combines_two_selectorsdespite_duplicated_internal_id"/>
    <testcase time="0.00500000000000256" classname="merge_utils" name="Two_pairs_of_selectors_combined_into_two_selectors"/>
    <testcase time="0.00500000000000256" classname="merge_utils" name="merge_does_not_merge_when_reshape_differs"/>
    <testcase time="0.00399999999999778" classname="merge_utils" name="merge_does_not_merge_when_filters_differs"/>
    <testcase time="0.00400000000000489" classname="merge_utils" name="get_merge_key_pair_works"/>
    <testcase time="0.00300000000000011" classname="merge_utils" name="get_merge_key_pair_works"/>
    <testcase time="0.00199999999999534" classname="merge_utils" name="get_merge_key_pair_works"/>
    <testcase time="0.00400000000000489" classname="merge_utils" name="get_merge_key_pair_works"/>
    <testcase time="0.00300000000000011" classname="merge_utils" name="get_merge_key_pair_works"/>
    <testcase time="0.00199999999999534" classname="merge_utils" name="get_merge_key_pair_works"/>
    <testcase time="0.00400000000000489" classname="merge_utils" name="get_merge_key_pair_works"/>
    <testcase time="0.00199999999999534" classname="merge_utils" name="get_merge_key_pair_works"/>
    <testcase time="0.00300000000000011" classname="merge_utils" name="get_merge_key_pair_works"/>
    <testcase time="0.00400000000000489" classname="merge_utils" name="get_merge_key_pair_works"/>
    <testcase time="0.00300000000000011" classname="merge_utils" name="get_merge_key_pair_works"/>
    <testcase time="0.00199999999999534" classname="merge_utils" name="get_merge_key_pair_works"/>
    <testcase time="0.00400000000000489" classname="merge_utils" name="get_merge_key_pair_works"/>
    <testcase time="0.00300000000000011" classname="merge_utils" name="get_merge_key_pair_works"/>
    <testcase time="0.00299999999999301" classname="merge_utils" name="get_merge_key_pair_works"/>
    <testcase time="0.00300000000000011" classname="merge_utils" name="get_merge_key_pair_works"/>
    <testcase time="0.00400000000000489" classname="merge_utils" name="get_merge_call"/>
    <testcase time="0.00900000000000034" classname="merge_utils" name="get_merge_call"/>
    <testcase time="0.0069999999999979" classname="merge_utils" name="get_merge_call"/>
    <testcase time="0.0110000000000028" classname="merge_utils" name="get_merge_call"/>
    <testcase time="0.00399999999999778" classname="merge_utils" name="get_relabel_call"/>
    <testcase time="0.00300000000000011" classname="merge_utils" name="get_relabel_call"/>
    <testcase time="0.00200000000000244" classname="merge_utils" name="get_relabel_call"/>
    <testcase time="0.0069999999999979" classname="merge_utils" name="are_all_keys_provided_returns_TRUE_if_merged_selector_list_has_a_single_element"/>
    <testcase time="0.00800000000000267" classname="merge_utils" name="are_all_keys_provided_returns_FALSE_if_slices_come_from_the_same_dataset_and_the_dataset_has_no_join_keys"/>
    <testcase time="0.00799999999999557" classname="merge_utils" name="are_all_keys_provided_returns_TRUE_if_two_slices_come_from_the_same_dataset_and_the_dataset_has_the_join_keys"/>
    <testcase time="0.0069999999999979" classname="merge_utils" name="are_all_keys_provided_returns_TRUE_if_no_slices_are_passed"/>
    <testcase time="0.00800000000000267" classname="merge_utils" name="are_all_keys_provided_returns_TRUE_if_three_slices_from_different_datasets_are_provided_and_have_the_join_keys"/>
    <testcase time="0.00800000000000267" classname="merge_utils" name="validate_keys_sufficient_returns_TRUE_for_empty_inputs"/>
    <testcase time="0.0109999999999957" classname="merge_utils" name="validate_keys_sufficient_raises_an_error_for_two_slices_with_no_join_keys"/>
  </testsuite>
  <testsuite name="resolve" timestamp="2023-06-01T18:01:46Z" hostname="0a9863feb5b2" tests="18" skipped="0" failures="0" errors="0" time="2.913">
    <testcase time="2.687" classname="resolve" name="resolve_delayed_expr_works_correctly"/>
    <testcase time="0.00900000000000034" classname="resolve" name="resolve_delayed_expr_works_correctly"/>
    <testcase time="0.00799999999999557" classname="resolve" name="resolve_delayed_expr_works_correctly"/>
    <testcase time="0.007000000000005" classname="resolve" name="resolve_delayed_expr_works_correctly"/>
    <testcase time="0.00899999999999324" classname="resolve" name="resolve_delayed_expr_works_correctly"/>
    <testcase time="0.00800000000000267" classname="resolve" name="resolve_delayed_expr_works_correctly"/>
    <testcase time="0.00900000000000034" classname="resolve" name="resolve_delayed_expr_works_correctly"/>
    <testcase time="0.00200000000000244" classname="resolve" name="resolve_delayed_expr_works_correctly"/>
    <testcase time="0.00199999999999534" classname="resolve" name="resolve_delayed_expr_works_correctly"/>
    <testcase time="0.0660000000000025" classname="resolve" name="resolve.list_works_correctly"/>
    <testcase time="0.0159999999999982" classname="resolve" name="resolving_delayed_choices_removes_selected_not_in_choices_and_give_a_log_output"/>
    <testcase time="0.00500000000000256" classname="resolve" name="resolving_delayed_choices_removes_selected_not_in_choices_and_give_a_log_output"/>
    <testcase time="0.0120000000000005" classname="resolve" name="resolve_throws_error_with_non_reactive_data.frames_or_unnamed_list_as_input_to_datasets"/>
    <testcase time="0.027000000000001" classname="resolve" name="resolve_throws_error_with_non_reactive_data.frames_or_unnamed_list_as_input_to_datasets"/>
    <testcase time="0.0129999999999981" classname="resolve" name="resolve_throws_error_with_unnamed_list_or_wrong_names_as_input_to_keys"/>
    <testcase time="0.0110000000000028" classname="resolve" name="resolve_throws_error_with_unnamed_list_or_wrong_names_as_input_to_keys"/>
    <testcase time="0.0119999999999933" classname="resolve" name="resolve_throws_error_with_missing_arguments"/>
    <testcase time="0.0100000000000051" classname="resolve" name="resolve_throws_error_with_missing_arguments"/>
  </testsuite>
  <testsuite name="resolve_delayed" timestamp="2023-06-01T18:01:49Z" hostname="0a9863feb5b2" tests="14" skipped="0" failures="0" errors="0" time="3.176">
    <testcase time="2.69" classname="resolve_delayed" name="resolve_delayed_expr_works_correctly"/>
    <testcase time="0.00800000000000267" classname="resolve_delayed" name="resolve_delayed_expr_works_correctly"/>
    <testcase time="0.00799999999999557" classname="resolve_delayed" name="resolve_delayed_expr_works_correctly"/>
    <testcase time="0.0110000000000028" classname="resolve_delayed" name="resolve_delayed_expr_works_correctly"/>
    <testcase time="0.00900000000000034" classname="resolve_delayed" name="resolve_delayed_expr_works_correctly"/>
    <testcase time="0.00800000000000267" classname="resolve_delayed" name="resolve_delayed_expr_works_correctly"/>
    <testcase time="0.00799999999999557" classname="resolve_delayed" name="resolve_delayed_expr_works_correctly"/>
    <testcase time="0.00200000000000244" classname="resolve_delayed" name="resolve_delayed_expr_works_correctly"/>
    <testcase time="0.000999999999997669" classname="resolve_delayed" name="resolve_delayed_expr_works_correctly"/>
    <testcase time="0.158999999999999" classname="resolve_delayed" name="resolve_delayed.FilteredData_works_correctly"/>
    <testcase time="0.120000000000005" classname="resolve_delayed" name="resolve_delayed.list_works_correctly_with_reactive_objects"/>
    <testcase time="0.128" classname="resolve_delayed" name="resolve_delayed.list_works_correctly_with_non_reactive_objects"/>
    <testcase time="0.0189999999999984" classname="resolve_delayed" name="resolving_delayed_choices_removes_selected_not_in_choices_and_give_a_log_output"/>
    <testcase time="0.00500000000000256" classname="resolve_delayed" name="resolving_delayed_choices_removes_selected_not_in_choices_and_give_a_log_output"/>
  </testsuite>
  <testsuite name="select_spec" timestamp="2023-06-01T18:01:50Z" hostname="0a9863feb5b2" tests="59" skipped="0" failures="0" errors="0" time="3.008">
    <testcase time="0.0109999999999957" classname="select_spec" name="Proper_argument_types"/>
    <testcase time="0.00800000000000267" classname="select_spec" name="Proper_argument_types"/>
    <testcase time="0.00799999999999557" classname="select_spec" name="Proper_argument_types"/>
    <testcase time="0.00800000000000267" classname="select_spec" name="Proper_argument_types"/>
    <testcase time="0.00800000000000267" classname="select_spec" name="Proper_argument_types"/>
    <testcase time="0.00900000000000034" classname="select_spec" name="Proper_argument_types"/>
    <testcase time="0.00799999999999557" classname="select_spec" name="Proper_argument_types"/>
    <testcase time="0.00500000000000256" classname="select_spec" name="Single_choice"/>
    <testcase time="0.00199999999999534" classname="select_spec" name="Single_choice"/>
    <testcase time="0.00200000000000244" classname="select_spec" name="Single_choice"/>
    <testcase time="0.00399999999999778" classname="select_spec" name="Single_choice"/>
    <testcase time="0.00200000000000244" classname="select_spec" name="Single_choice"/>
    <testcase time="0.00200000000000244" classname="select_spec" name="Single_choice"/>
    <testcase time="0.00600000000000023" classname="select_spec" name="Single_choice"/>
    <testcase time="0.00499999999999545" classname="select_spec" name="Single_choice"/>
    <testcase time="0.00600000000000023" classname="select_spec" name="Single_choice"/>
    <testcase time="0.00500000000000256" classname="select_spec" name="Single_choice"/>
    <testcase time="0.00300000000000011" classname="select_spec" name="Single_choice"/>
    <testcase time="0.00200000000000244" classname="select_spec" name="Single_choice"/>
    <testcase time="0.00300000000000011" classname="select_spec" name="Single_choice"/>
    <testcase time="0.00199999999999534" classname="select_spec" name="Single_choice"/>
    <testcase time="0.00500000000000256" classname="select_spec" name="Single_choice"/>
    <testcase time="0.00600000000000023" classname="select_spec" name="Single_choice"/>
    <testcase time="0.00200000000000244" classname="select_spec" name="Single_choice"/>
    <testcase time="0.00999999999999801" classname="select_spec" name="Multiple_choices"/>
    <testcase time="0.00300000000000011" classname="select_spec" name="Multiple_choices"/>
    <testcase time="0.00300000000000011" classname="select_spec" name="Multiple_choices"/>
    <testcase time="0.00199999999999534" classname="select_spec" name="Multiple_choices"/>
    <testcase time="0.00300000000000011" classname="select_spec" name="Multiple_choices"/>
    <testcase time="0.00200000000000244" classname="select_spec" name="Multiple_choices"/>
    <testcase time="0.00200000000000244" classname="select_spec" name="Multiple_choices"/>
    <testcase time="0.00600000000000023" classname="select_spec" name="Multiple_choices"/>
    <testcase time="0.00600000000000023" classname="select_spec" name="Multiple_choices"/>
    <testcase time="0.00600000000000023" classname="select_spec" name="Multiple_choices"/>
    <testcase time="0.0069999999999979" classname="select_spec" name="Multiple_choices"/>
    <testcase time="0.00200000000000244" classname="select_spec" name="Multiple_choices"/>
    <testcase time="0.0139999999999958" classname="select_spec" name="resolve_select_spec_works"/>
    <testcase time="0.00300000000000011" classname="select_spec" name="resolve_select_spec_works"/>
    <testcase time="0.00600000000000023" classname="select_spec" name="resolve_select_spec_works"/>
    <testcase time="2.648" classname="select_spec" name="delayed_version_of_select_spec"/>
    <testcase time="0.0139999999999958" classname="select_spec" name="delayed_version_of_select_spec"/>
    <testcase time="0.00400000000000489" classname="select_spec" name="delayed_version_of_select_spec"/>
    <testcase time="0.00799999999999557" classname="select_spec" name="delayed_version_of_select_spec"/>
    <testcase time="0.00500000000000256" classname="select_spec" name="all_choices_passed_to_selected_is_the_same_as_passing_all_choices"/>
    <testcase time="0.0069999999999979" classname="select_spec" name="multiple_is_set_to_TRUE_if_all_choices_is_passed_to_selected"/>
    <testcase time="0.0069999999999979" classname="select_spec" name="multiple_is_set_to_TRUE_if_all_choices_is_passed_to_selected"/>
    <testcase time="0.00400000000000489" classname="select_spec" name="default_values"/>
    <testcase time="0.00600000000000023" classname="select_spec" name="default_values"/>
    <testcase time="0.00600000000000023" classname="select_spec" name="default_values"/>
    <testcase time="0.00600000000000023" classname="select_spec" name="default_values"/>
    <testcase time="0.00500000000000256" classname="select_spec" name="default_values"/>
    <testcase time="0.00199999999999534" classname="select_spec" name="default_values"/>
    <testcase time="0.00600000000000023" classname="select_spec" name="resolve_delayed_select_spec_works_resolve_delayed"/>
    <testcase time="0.00300000000000011" classname="select_spec" name="resolve_delayed_select_spec_works_resolve_delayed"/>
    <testcase time="0.0129999999999981" classname="select_spec" name="resolve_delayed_select_spec_works_resolve_delayed"/>
    <testcase time="0.0350000000000037" classname="select_spec" name="delayed_version_of_select_spec_resolve_delayed"/>
    <testcase time="0.0159999999999982" classname="select_spec" name="delayed_version_of_select_spec_resolve_delayed"/>
    <testcase time="0.00400000000000489" classname="select_spec" name="delayed_version_of_select_spec_resolve_delayed"/>
    <testcase time="0.0119999999999933" classname="select_spec" name="delayed_version_of_select_spec_resolve_delayed"/>
  </testsuite>
  <testsuite name="value_choices" timestamp="2023-06-01T18:01:55Z" hostname="0a9863feb5b2" tests="21" skipped="0" failures="0" errors="0" time="3.009">
    <testcase time="2.694" classname="value_choices" name="Will_output_warnings_when_value_choices_applied_on_datasets_with_missing_values_and_or_labels"/>
    <testcase time="0.00900000000000034" classname="value_choices" name="Will_output_warnings_when_value_choices_applied_on_datasets_with_missing_values_and_or_labels"/>
    <testcase time="0.00900000000000034" classname="value_choices" name="Will_output_warnings_when_value_choices_applied_on_datasets_with_missing_values_and_or_labels"/>
    <testcase time="0.00999999999999801" classname="value_choices" name="Will_output_warnings_when_value_choices_applied_on_datasets_with_missing_values_and_or_labels"/>
    <testcase time="0.0100000000000051" classname="value_choices" name="Will_output_warnings_when_value_choices_applied_on_datasets_with_missing_values_and_or_labels"/>
    <testcase time="0.00799999999999557" classname="value_choices" name="Will_output_warnings_when_value_choices_applied_on_datasets_with_missing_values_and_or_labels"/>
    <testcase time="0.00800000000000267" classname="value_choices" name="Will_output_warnings_when_value_choices_applied_on_datasets_with_missing_values_and_or_labels"/>
    <testcase time="0.00999999999999801" classname="value_choices" name="Will_output_warnings_when_value_choices_applied_on_datasets_with_missing_values_and_or_labels"/>
    <testcase time="0.00800000000000267" classname="value_choices" name="Will_output_warnings_when_value_choices_applied_on_datasets_with_missing_values_and_or_labels"/>
    <testcase time="0.00399999999999778" classname="value_choices" name="delayed_version_of_value_choices"/>
    <testcase time="0.0260000000000034" classname="value_choices" name="delayed_version_of_value_choices"/>
    <testcase time="0.00300000000000011" classname="value_choices" name="delayed_version_of_value_choices"/>
    <testcase time="0.0229999999999961" classname="value_choices" name="delayed_version_of_value_choices"/>
    <testcase time="0.00300000000000011" classname="value_choices" name="delayed_version_of_value_choices"/>
    <testcase time="0.0290000000000035" classname="value_choices" name="delayed_version_of_value_choices"/>
    <testcase time="0.0399999999999991" classname="value_choices" name="delayed_version_of_value_choices_resolve_delayed"/>
    <testcase time="0.0339999999999989" classname="value_choices" name="delayed_version_of_value_choices_resolve_delayed"/>
    <testcase time="0.00300000000000011" classname="value_choices" name="delayed_version_of_value_choices_resolve_delayed"/>
    <testcase time="0.0420000000000016" classname="value_choices" name="delayed_version_of_value_choices_resolve_delayed"/>
    <testcase time="0.00300000000000011" classname="value_choices" name="delayed_version_of_value_choices_resolve_delayed"/>
    <testcase time="0.0329999999999941" classname="value_choices" name="delayed_version_of_value_choices_resolve_delayed"/>
  </testsuite>
  <testsuite name="variable_choices" timestamp="2023-06-01T18:01:58Z" hostname="0a9863feb5b2" tests="15" skipped="0" failures="0" errors="0" time="2.6">
    <testcase time="2.497" classname="variable_choices" name="Can_create_variable_choices_with_datasets_with_no_or_missing_labels"/>
    <testcase time="0.00400000000000489" classname="variable_choices" name="Can_create_variable_choices_with_datasets_with_no_or_missing_labels"/>
    <testcase time="0.00199999999999534" classname="variable_choices" name="Can_create_variable_choices_with_datasets_with_no_or_missing_labels"/>
    <testcase time="0.00500000000000256" classname="variable_choices" name="delayed_version_of_variable_choices"/>
    <testcase time="0.00800000000000267" classname="variable_choices" name="delayed_version_of_variable_choices"/>
    <testcase time="0.00199999999999534" classname="variable_choices" name="delayed_version_of_variable_choices"/>
    <testcase time="0.00600000000000023" classname="variable_choices" name="delayed_version_of_variable_choices"/>
    <testcase time="0.00200000000000244" classname="variable_choices" name="delayed_version_of_variable_choices"/>
    <testcase time="0.00600000000000023" classname="variable_choices" name="delayed_version_of_variable_choices"/>
    <testcase time="0.0339999999999989" classname="variable_choices" name="delayed_version_of_variable_choices_resolve_delayed"/>
    <testcase time="0.00999999999999801" classname="variable_choices" name="delayed_version_of_variable_choices_resolve_delayed"/>
    <testcase time="0.00400000000000489" classname="variable_choices" name="delayed_version_of_variable_choices_resolve_delayed"/>
    <testcase time="0.00900000000000034" classname="variable_choices" name="delayed_version_of_variable_choices_resolve_delayed"/>
    <testcase time="0.00199999999999534" classname="variable_choices" name="delayed_version_of_variable_choices_resolve_delayed"/>
    <testcase time="0.00900000000000034" classname="variable_choices" name="delayed_version_of_variable_choices_resolve_delayed"/>
  </testsuite>
</testsuites>
